<?xml version="1.0" encoding="UTF-8"?>
<!-- Generated by org.testng.reporters.JUnitReportReporter -->
<testsuite skipped="62" hostname="DESKTOP-CBUUJ82" name="com.knovva.TestCases.StudentClubs" tests="63" failures="0" timestamp="22 Apr 2019 06:06:40 GMT" time="0.005" errors="1">
  <testcase name="TC_SC038" time="0.000" classname="com.knovva.TestCases.StudentClubs">
    <skipped/>
  </testcase> <!-- TC_SC038 -->
  <testcase name="TC_SC025" time="0.000" classname="com.knovva.TestCases.StudentClubs">
    <skipped/>
  </testcase> <!-- TC_SC025 -->
  <testcase name="TC_SC029" time="0.000" classname="com.knovva.TestCases.StudentClubs">
    <skipped/>
  </testcase> <!-- TC_SC029 -->
  <testcase name="TC_SC024" time="0.000" classname="com.knovva.TestCases.StudentClubs">
    <skipped/>
  </testcase> <!-- TC_SC024 -->
  <testcase name="TC_SC005" time="0.000" classname="com.knovva.TestCases.StudentClubs">
    <skipped/>
  </testcase> <!-- TC_SC005 -->
  <testcase name="TC_SC027" time="0.000" classname="com.knovva.TestCases.StudentClubs">
    <skipped/>
  </testcase> <!-- TC_SC027 -->
  <testcase name="TC_SC036" time="0.000" classname="com.knovva.TestCases.StudentClubs">
    <skipped/>
  </testcase> <!-- TC_SC036 -->
  <testcase name="TC_SC051" time="0.000" classname="com.knovva.TestCases.StudentClubs">
    <skipped/>
  </testcase> <!-- TC_SC051 -->
  <testcase name="TC_SC039" time="0.000" classname="com.knovva.TestCases.StudentClubs">
    <skipped/>
  </testcase> <!-- TC_SC039 -->
  <testcase name="TC_SC048" time="0.000" classname="com.knovva.TestCases.StudentClubs">
    <skipped/>
  </testcase> <!-- TC_SC048 -->
  <testcase name="TC_SC065" time="0.000" classname="com.knovva.TestCases.StudentClubs">
    <skipped/>
  </testcase> <!-- TC_SC065 -->
  <testcase name="TC_SC026" time="0.000" classname="com.knovva.TestCases.StudentClubs">
    <skipped/>
  </testcase> <!-- TC_SC026 -->
  <testcase name="TC_SC001" time="0.000" classname="com.knovva.TestCases.StudentClubs">
    <skipped/>
  </testcase> <!-- TC_SC001 -->
  <testcase name="TC_SC031" time="0.000" classname="com.knovva.TestCases.StudentClubs">
    <skipped/>
  </testcase> <!-- TC_SC031 -->
  <testcase name="TC_SC035" time="0.000" classname="com.knovva.TestCases.StudentClubs">
    <skipped/>
  </testcase> <!-- TC_SC035 -->
  <testcase name="TC_SC023" time="0.000" classname="com.knovva.TestCases.StudentClubs">
    <skipped/>
  </testcase> <!-- TC_SC023 -->
  <testcase name="TC_SC033" time="0.000" classname="com.knovva.TestCases.StudentClubs">
    <skipped/>
  </testcase> <!-- TC_SC033 -->
  <testcase name="TC_SC042" time="0.000" classname="com.knovva.TestCases.StudentClubs">
    <skipped/>
  </testcase> <!-- TC_SC042 -->
  <testcase name="TC_SC053" time="0.000" classname="com.knovva.TestCases.StudentClubs">
    <skipped/>
  </testcase> <!-- TC_SC053 -->
  <testcase name="TC_SC032" time="0.000" classname="com.knovva.TestCases.StudentClubs">
    <skipped/>
  </testcase> <!-- TC_SC032 -->
  <testcase name="TC_SC056" time="0.000" classname="com.knovva.TestCases.StudentClubs">
    <skipped/>
  </testcase> <!-- TC_SC056 -->
  <testcase name="TC_SC058" time="0.000" classname="com.knovva.TestCases.StudentClubs">
    <skipped/>
  </testcase> <!-- TC_SC058 -->
  <testcase name="TC_SC067" time="0.000" classname="com.knovva.TestCases.StudentClubs">
    <skipped/>
  </testcase> <!-- TC_SC067 -->
  <testcase name="TC_SC062" time="0.000" classname="com.knovva.TestCases.StudentClubs">
    <skipped/>
  </testcase> <!-- TC_SC062 -->
  <testcase name="TC_SC043" time="0.000" classname="com.knovva.TestCases.StudentClubs">
    <skipped/>
  </testcase> <!-- TC_SC043 -->
  <testcase name="TC_SC021" time="0.000" classname="com.knovva.TestCases.StudentClubs">
    <skipped/>
  </testcase> <!-- TC_SC021 -->
  <testcase name="TC_SC028" time="0.000" classname="com.knovva.TestCases.StudentClubs">
    <skipped/>
  </testcase> <!-- TC_SC028 -->
  <testcase name="TC_SC030" time="0.000" classname="com.knovva.TestCases.StudentClubs">
    <skipped/>
  </testcase> <!-- TC_SC030 -->
  <testcase name="TC_SC049" time="0.000" classname="com.knovva.TestCases.StudentClubs">
    <skipped/>
  </testcase> <!-- TC_SC049 -->
  <testcase name="TC_SC045" time="0.000" classname="com.knovva.TestCases.StudentClubs">
    <skipped/>
  </testcase> <!-- TC_SC045 -->
  <testcase name="TC_SC003" time="0.000" classname="com.knovva.TestCases.StudentClubs">
    <skipped/>
  </testcase> <!-- TC_SC003 -->
  <testcase name="TC_SC037" time="0.000" classname="com.knovva.TestCases.StudentClubs">
    <skipped/>
  </testcase> <!-- TC_SC037 -->
  <testcase name="TC_SC047" time="0.000" classname="com.knovva.TestCases.StudentClubs">
    <skipped/>
  </testcase> <!-- TC_SC047 -->
  <testcase name="TC_SC054" time="0.000" classname="com.knovva.TestCases.StudentClubs">
    <skipped/>
  </testcase> <!-- TC_SC054 -->
  <testcase name="TC_SC063" time="0.000" classname="com.knovva.TestCases.StudentClubs">
    <skipped/>
  </testcase> <!-- TC_SC063 -->
  <testcase name="TC_SC040" time="0.000" classname="com.knovva.TestCases.StudentClubs">
    <skipped/>
  </testcase> <!-- TC_SC040 -->
  <testcase name="TC_SC041" time="0.000" classname="com.knovva.TestCases.StudentClubs">
    <skipped/>
  </testcase> <!-- TC_SC041 -->
  <testcase name="TC_SC004" time="0.000" classname="com.knovva.TestCases.StudentClubs">
    <skipped/>
  </testcase> <!-- TC_SC004 -->
  <testcase name="TC_SC052" time="0.000" classname="com.knovva.TestCases.StudentClubs">
    <skipped/>
  </testcase> <!-- TC_SC052 -->
  <testcase name="TC_SC066" time="0.000" classname="com.knovva.TestCases.StudentClubs">
    <skipped/>
  </testcase> <!-- TC_SC066 -->
  <testcase name="TC_SC055" time="0.000" classname="com.knovva.TestCases.StudentClubs">
    <skipped/>
  </testcase> <!-- TC_SC055 -->
  <testcase name="TC_SC060" time="0.000" classname="com.knovva.TestCases.StudentClubs">
    <skipped/>
  </testcase> <!-- TC_SC060 -->
  <testcase name="BrowserStart" time="0.005" classname="com.knovva.TestCases.StudentClubs">
    <error type="org.openqa.selenium.WebDriverException" message="unknown error: unhandled inspector error: {&quot;code&quot;:-32000,&quot;message&quot;:&quot;No target with given id&quot;}
  (Session info: chrome=73.0.3683.103)
  (Driver info: chromedriver=2.43.600210 (68dcf5eebde37173d4027fa8635e332711d2874a),platform=Windows NT 10.0.15063 x86_64) (WARNING: The server did not provide any stacktrace information)
Command duration or timeout: 0 milliseconds
Build info: version: &#039;3.141.59&#039;, revision: &#039;e82be7d358&#039;, time: &#039;2018-11-14T08:17:03&#039;
System info: host: &#039;DESKTOP-CBUUJ82&#039;, ip: &#039;192.168.1.47&#039;, os.name: &#039;Windows 10&#039;, os.arch: &#039;amd64&#039;, os.version: &#039;10.0&#039;, java.version: &#039;1.8.0_121&#039;
Driver info: org.openqa.selenium.chrome.ChromeDriver
Capabilities {acceptInsecureCerts: false, acceptSslCerts: false, applicationCacheEnabled: false, browserConnectionEnabled: false, browserName: chrome, chrome: {chromedriverVersion: 2.43.600210 (68dcf5eebde371..., userDataDir: C:\Users\user\AppData\Local...}, cssSelectorsEnabled: true, databaseEnabled: false, goog:chromeOptions: {debuggerAddress: localhost:51116}, handlesAlerts: true, hasTouchScreen: false, javascriptEnabled: true, locationContextEnabled: true, mobileEmulationEnabled: false, nativeEvents: true, networkConnectionEnabled: false, pageLoadStrategy: normal, platform: XP, platformName: XP, rotatable: false, setWindowRect: true, takesHeapSnapshot: true, takesScreenshot: true, unexpectedAlertBehaviour: , unhandledPromptBehavior: , version: 73.0.3683.103, webStorageEnabled: true}
Session ID: 58cce66096dea344daa3594b653aeacf">
      <![CDATA[org.openqa.selenium.WebDriverException: unknown error: unhandled inspector error: {"code":-32000,"message":"No target with given id"}
  (Session info: chrome=73.0.3683.103)
  (Driver info: chromedriver=2.43.600210 (68dcf5eebde37173d4027fa8635e332711d2874a),platform=Windows NT 10.0.15063 x86_64) (WARNING: The server did not provide any stacktrace information)
Command duration or timeout: 0 milliseconds
Build info: version: '3.141.59', revision: 'e82be7d358', time: '2018-11-14T08:17:03'
System info: host: 'DESKTOP-CBUUJ82', ip: '192.168.1.47', os.name: 'Windows 10', os.arch: 'amd64', os.version: '10.0', java.version: '1.8.0_121'
Driver info: org.openqa.selenium.chrome.ChromeDriver
Capabilities {acceptInsecureCerts: false, acceptSslCerts: false, applicationCacheEnabled: false, browserConnectionEnabled: false, browserName: chrome, chrome: {chromedriverVersion: 2.43.600210 (68dcf5eebde371..., userDataDir: C:\Users\user\AppData\Local...}, cssSelectorsEnabled: true, databaseEnabled: false, goog:chromeOptions: {debuggerAddress: localhost:51116}, handlesAlerts: true, hasTouchScreen: false, javascriptEnabled: true, locationContextEnabled: true, mobileEmulationEnabled: false, nativeEvents: true, networkConnectionEnabled: false, pageLoadStrategy: normal, platform: XP, platformName: XP, rotatable: false, setWindowRect: true, takesHeapSnapshot: true, takesScreenshot: true, unexpectedAlertBehaviour: , unhandledPromptBehavior: , version: 73.0.3683.103, webStorageEnabled: true}
Session ID: 58cce66096dea344daa3594b653aeacf
at sun.reflect.NativeConstructorAccessorImpl.newInstance0(Native Method)
at sun.reflect.NativeConstructorAccessorImpl.newInstance(Unknown Source)
at sun.reflect.DelegatingConstructorAccessorImpl.newInstance(Unknown Source)
at java.lang.reflect.Constructor.newInstance(Unknown Source)
at org.openqa.selenium.remote.ErrorHandler.createThrowable(ErrorHandler.java:214)
at org.openqa.selenium.remote.ErrorHandler.throwIfResponseFailed(ErrorHandler.java:166)
at org.openqa.selenium.remote.http.JsonHttpResponseCodec.reconstructValue(JsonHttpResponseCodec.java:40)
at org.openqa.selenium.remote.http.AbstractHttpResponseCodec.decode(AbstractHttpResponseCodec.java:80)
at org.openqa.selenium.remote.http.AbstractHttpResponseCodec.decode(AbstractHttpResponseCodec.java:44)
at org.openqa.selenium.remote.HttpCommandExecutor.execute(HttpCommandExecutor.java:158)
at org.openqa.selenium.remote.service.DriverCommandExecutor.execute(DriverCommandExecutor.java:83)
at org.openqa.selenium.remote.RemoteWebDriver.execute(RemoteWebDriver.java:552)
at org.openqa.selenium.remote.RemoteWebDriver.execute(RemoteWebDriver.java:609)
at org.openqa.selenium.remote.RemoteWebDriver$RemoteWebDriverOptions$RemoteWindow.maximize(RemoteWebDriver.java:837)
at com.knovva.Testbase.TestBase_Knovva.initialization(TestBase_Knovva.java:136)
at com.knovva.Testbase.TestBase_Knovva.validLogin(TestBase_Knovva.java:147)
at com.knovva.TestCases.StudentClubs.BrowserStart(StudentClubs.java:18)
at sun.reflect.NativeMethodAccessorImpl.invoke0(Native Method)
at sun.reflect.NativeMethodAccessorImpl.invoke(Unknown Source)
at sun.reflect.DelegatingMethodAccessorImpl.invoke(Unknown Source)
at java.lang.reflect.Method.invoke(Unknown Source)
at org.testng.internal.MethodInvocationHelper.invokeMethod(MethodInvocationHelper.java:124)
at org.testng.internal.MethodInvocationHelper.invokeMethodConsideringTimeout(MethodInvocationHelper.java:59)
at org.testng.internal.Invoker.invokeConfigurationMethod(Invoker.java:458)
at org.testng.internal.Invoker.invokeConfigurations(Invoker.java:222)
at org.testng.internal.Invoker.invokeConfigurations(Invoker.java:142)
at org.testng.internal.TestMethodWorker.invokeBeforeClassMethods(TestMethodWorker.java:168)
at org.testng.internal.TestMethodWorker.run(TestMethodWorker.java:105)
at org.testng.TestRunner.privateRun(TestRunner.java:648)
at org.testng.TestRunner.run(TestRunner.java:505)
at org.testng.SuiteRunner.runTest(SuiteRunner.java:455)
at org.testng.SuiteRunner.access$000(SuiteRunner.java:40)
at org.testng.SuiteRunner$SuiteWorker.run(SuiteRunner.java:489)
at org.testng.internal.thread.ThreadUtil$1.call(ThreadUtil.java:52)
at java.util.concurrent.FutureTask.run(Unknown Source)
at java.util.concurrent.ThreadPoolExecutor.runWorker(Unknown Source)
at java.util.concurrent.ThreadPoolExecutor$Worker.run(Unknown Source)
at java.lang.Thread.run(Unknown Source)
]]>
    </error>
  </testcase> <!-- BrowserStart -->
  <testcase name="TC_SC059" time="0.000" classname="com.knovva.TestCases.StudentClubs">
    <skipped/>
  </testcase> <!-- TC_SC059 -->
  <testcase name="TC_SC061" time="0.000" classname="com.knovva.TestCases.StudentClubs">
    <skipped/>
  </testcase> <!-- TC_SC061 -->
  <testcase name="TC_SC044" time="0.000" classname="com.knovva.TestCases.StudentClubs">
    <skipped/>
  </testcase> <!-- TC_SC044 -->
  <testcase name="TC_SC015" classname="com.knovva.TestCases.StudentClubs">
    <skipped/>
  </testcase> <!-- TC_SC015 -->
  <testcase name="TC_SC020" classname="com.knovva.TestCases.StudentClubs">
    <skipped/>
  </testcase> <!-- TC_SC020 -->
  <testcase name="TC_SC064" classname="com.knovva.TestCases.StudentClubs">
    <skipped/>
  </testcase> <!-- TC_SC064 -->
  <testcase name="TC_SC010" classname="com.knovva.TestCases.StudentClubs">
    <skipped/>
  </testcase> <!-- TC_SC010 -->
  <testcase name="TC_SC012" classname="com.knovva.TestCases.StudentClubs">
    <skipped/>
  </testcase> <!-- TC_SC012 -->
  <testcase name="TC_SC013" classname="com.knovva.TestCases.StudentClubs">
    <skipped/>
  </testcase> <!-- TC_SC013 -->
  <testcase name="TC_SC002" classname="com.knovva.TestCases.StudentClubs">
    <skipped/>
  </testcase> <!-- TC_SC002 -->
  <testcase name="TC_SC014" classname="com.knovva.TestCases.StudentClubs">
    <skipped/>
  </testcase> <!-- TC_SC014 -->
  <testcase name="TC_SC016" classname="com.knovva.TestCases.StudentClubs">
    <skipped/>
  </testcase> <!-- TC_SC016 -->
  <testcase name="TC_SC017" classname="com.knovva.TestCases.StudentClubs">
    <skipped/>
  </testcase> <!-- TC_SC017 -->
  <testcase name="TC_SC006" classname="com.knovva.TestCases.StudentClubs">
    <skipped/>
  </testcase> <!-- TC_SC006 -->
  <testcase name="TC_SC018" classname="com.knovva.TestCases.StudentClubs">
    <skipped/>
  </testcase> <!-- TC_SC018 -->
  <testcase name="TC_SC007" classname="com.knovva.TestCases.StudentClubs">
    <skipped/>
  </testcase> <!-- TC_SC007 -->
  <testcase name="TC_SC011" classname="com.knovva.TestCases.StudentClubs">
    <skipped/>
  </testcase> <!-- TC_SC011 -->
  <testcase name="TC_SC009" classname="com.knovva.TestCases.StudentClubs">
    <skipped/>
  </testcase> <!-- TC_SC009 -->
  <testcase name="TC_SC019" classname="com.knovva.TestCases.StudentClubs">
    <skipped/>
  </testcase> <!-- TC_SC019 -->
  <testcase name="TC_SC008" classname="com.knovva.TestCases.StudentClubs">
    <skipped/>
  </testcase> <!-- TC_SC008 -->
</testsuite> <!-- com.knovva.TestCases.StudentClubs -->
