<?xml version="1.0" encoding="UTF-8"?>
<!-- Generated by org.testng.reporters.JUnitXMLReporter -->
<testsuite hostname="DESKTOP-CBUUJ82" ignored="39" name="Test-method test" tests="3" failures="2" timestamp="25 Apr 2019 10:07:24 GMT" time="38.903" errors="0">
  <testcase name="@AfterMethod getMethodsUpdates" time="0.321" classname="com.knovva.Testbase.TestBase_Knovva">
    <failure type="java.lang.NullPointerException">
      <![CDATA[java.lang.NullPointerException
at com.knovva.Testbase.TestBase_Knovva.getMethodsUpdates(TestBase_Knovva.java:302)
at java.util.concurrent.ThreadPoolExecutor.runWorker(Unknown Source)
at java.util.concurrent.ThreadPoolExecutor$Worker.run(Unknown Source)
at java.lang.Thread.run(Unknown Source)
... Removed 13 stack frames]]>
    </failure>
  </testcase> <!-- @AfterMethod getMethodsUpdates -->
  <testcase name="@AfterMethod getMethodsUpdates" time="0.0" classname="com.knovva.Testbase.TestBase_Knovva">
    <skipped/>
  </testcase> <!-- @AfterMethod getMethodsUpdates -->
  <testcase name="TC_L001" time="1.106" classname="com.knovva.TestCases.Login1"/>
  <testcase name="TC_R002" time="0.002" classname="com.knovva.TestCases.CreateAccount">
    <failure type="java.lang.NullPointerException">
      <![CDATA[java.lang.NullPointerException
at com.knovva.TestCases.CreateAccount.TC_R002(CreateAccount.java:32)
at java.util.concurrent.ThreadPoolExecutor.runWorker(Unknown Source)
at java.util.concurrent.ThreadPoolExecutor$Worker.run(Unknown Source)
at java.lang.Thread.run(Unknown Source)
... Removed 10 stack frames]]>
    </failure>
  </testcase> <!-- TC_R002 -->
  <testcase name="TC_R023" time="31.096" classname="com.knovva.TestCases.CreateAccount">
    <failure type="org.openqa.selenium.NoSuchElementException" message="no such element: Unable to locate element: {&amp;quot;method&amp;quot;:&amp;quot;xpath&amp;quot;,&amp;quot;selector&amp;quot;:&amp;quot;//a[contains(text(), &amp;apos;Sign In&amp;apos;)]&amp;quot;}
  (Session info: chrome=73.0.3683.103)
  (Driver info: chromedriver=2.43.600210 (68dcf5eebde37173d4027fa8635e332711d2874a),platform=Windows NT 10.0.15063 x86_64) (WARNING: The server did not provide any stacktrace information)
Command duration or timeout: 0 milliseconds
For documentation on this error, please visit: https://www.seleniumhq.org/exceptions/no_such_element.html
Build info: version: &amp;apos;3.141.59&amp;apos;, revision: &amp;apos;e82be7d358&amp;apos;, time: &amp;apos;2018-11-14T08:17:03&amp;apos;
System info: host: &amp;apos;DESKTOP-CBUUJ82&amp;apos;, ip: &amp;apos;192.168.1.47&amp;apos;, os.name: &amp;apos;Windows 10&amp;apos;, os.arch: &amp;apos;amd64&amp;apos;, os.version: &amp;apos;10.0&amp;apos;, java.version: &amp;apos;1.8.0_121&amp;apos;
Driver info: org.openqa.selenium.chrome.ChromeDriver
Capabilities {acceptInsecureCerts: false, acceptSslCerts: false, applicationCacheEnabled: false, browserConnectionEnabled: false, browserName: chrome, chrome: {chromedriverVersion: 2.43.600210 (68dcf5eebde371..., userDataDir: C:\Users\user\AppData\Local...}, cssSelectorsEnabled: true, databaseEnabled: false, goog:chromeOptions: {debuggerAddress: localhost:52923}, handlesAlerts: true, hasTouchScreen: false, javascriptEnabled: true, locationContextEnabled: true, mobileEmulationEnabled: false, nativeEvents: true, networkConnectionEnabled: false, pageLoadStrategy: normal, platform: XP, platformName: XP, rotatable: false, setWindowRect: true, takesHeapSnapshot: true, takesScreenshot: true, unexpectedAlertBehaviour: , unhandledPromptBehavior: , version: 73.0.3683.103, webStorageEnabled: true}
Session ID: dc821cbfa0b4765dc1577ee21207e8a3
*** Element info: {Using=xpath, value=//a[contains(text(), &amp;apos;Sign In&amp;apos;)]}">
      <![CDATA[org.openqa.selenium.NoSuchElementException: no such element: Unable to locate element: {"method":"xpath","selector":"//a[contains(text(), 'Sign In')]"}
  (Session info: chrome=73.0.3683.103)
  (Driver info: chromedriver=2.43.600210 (68dcf5eebde37173d4027fa8635e332711d2874a),platform=Windows NT 10.0.15063 x86_64) (WARNING: The server did not provide any stacktrace information)
Command duration or timeout: 0 milliseconds
For documentation on this error, please visit: https://www.seleniumhq.org/exceptions/no_such_element.html
Build info: version: '3.141.59', revision: 'e82be7d358', time: '2018-11-14T08:17:03'
System info: host: 'DESKTOP-CBUUJ82', ip: '192.168.1.47', os.name: 'Windows 10', os.arch: 'amd64', os.version: '10.0', java.version: '1.8.0_121'
Driver info: org.openqa.selenium.chrome.ChromeDriver
Capabilities {acceptInsecureCerts: false, acceptSslCerts: false, applicationCacheEnabled: false, browserConnectionEnabled: false, browserName: chrome, chrome: {chromedriverVersion: 2.43.600210 (68dcf5eebde371..., userDataDir: C:\Users\user\AppData\Local...}, cssSelectorsEnabled: true, databaseEnabled: false, goog:chromeOptions: {debuggerAddress: localhost:52923}, handlesAlerts: true, hasTouchScreen: false, javascriptEnabled: true, locationContextEnabled: true, mobileEmulationEnabled: false, nativeEvents: true, networkConnectionEnabled: false, pageLoadStrategy: normal, platform: XP, platformName: XP, rotatable: false, setWindowRect: true, takesHeapSnapshot: true, takesScreenshot: true, unexpectedAlertBehaviour: , unhandledPromptBehavior: , version: 73.0.3683.103, webStorageEnabled: true}
Session ID: dc821cbfa0b4765dc1577ee21207e8a3
*** Element info: {Using=xpath, value=//a[contains(text(), 'Sign In')]}
at org.openqa.selenium.remote.ErrorHandler.createThrowable(ErrorHandler.java:214)
at org.openqa.selenium.remote.ErrorHandler.throwIfResponseFailed(ErrorHandler.java:166)
at org.openqa.selenium.remote.http.JsonHttpResponseCodec.reconstructValue(JsonHttpResponseCodec.java:40)
at org.openqa.selenium.remote.http.AbstractHttpResponseCodec.decode(AbstractHttpResponseCodec.java:80)
at org.openqa.selenium.remote.http.AbstractHttpResponseCodec.decode(AbstractHttpResponseCodec.java:44)
at org.openqa.selenium.remote.HttpCommandExecutor.execute(HttpCommandExecutor.java:158)
at org.openqa.selenium.remote.service.DriverCommandExecutor.execute(DriverCommandExecutor.java:83)
at org.openqa.selenium.remote.RemoteWebDriver.execute(RemoteWebDriver.java:552)
at org.openqa.selenium.remote.RemoteWebDriver.findElement(RemoteWebDriver.java:323)
at org.openqa.selenium.remote.RemoteWebDriver.findElementByXPath(RemoteWebDriver.java:428)
at org.openqa.selenium.By$ByXPath.findElement(By.java:353)
at org.openqa.selenium.remote.RemoteWebDriver.findElement(RemoteWebDriver.java:315)
at com.knovva.TestCases.CreateAccount.TC_R023(CreateAccount.java:527)
at java.util.concurrent.ThreadPoolExecutor.runWorker(Unknown Source)
at java.util.concurrent.ThreadPoolExecutor$Worker.run(Unknown Source)
at java.lang.Thread.run(Unknown Source)
... Removed 14 stack frames]]>
    </failure>
  </testcase> <!-- TC_R023 -->
  <testcase name="TC_R010" time="0.0" classname="com.knovva.TestCases.CreateAccount">
    <ignored/>
  </testcase> <!-- TC_R010 -->
  <testcase name="TC_L017" time="0.0" classname="com.knovva.TestCases.Login1">
    <ignored/>
  </testcase> <!-- TC_L017 -->
  <testcase name="TC_R011" time="0.0" classname="com.knovva.TestCases.CreateAccount">
    <ignored/>
  </testcase> <!-- TC_R011 -->
  <testcase name="TC_L019" time="0.0" classname="com.knovva.TestCases.Login1">
    <ignored/>
  </testcase> <!-- TC_L019 -->
  <testcase name="TC_L016" time="0.0" classname="com.knovva.TestCases.Login1">
    <ignored/>
  </testcase> <!-- TC_L016 -->
  <testcase name="TC_L013" time="0.0" classname="com.knovva.TestCases.Login1">
    <ignored/>
  </testcase> <!-- TC_L013 -->
  <testcase name="TC_L018" time="0.0" classname="com.knovva.TestCases.Login1">
    <ignored/>
  </testcase> <!-- TC_L018 -->
  <testcase name="TC_R009" time="0.0" classname="com.knovva.TestCases.CreateAccount">
    <ignored/>
  </testcase> <!-- TC_R009 -->
  <testcase name="TC_L015" time="0.0" classname="com.knovva.TestCases.Login1">
    <ignored/>
  </testcase> <!-- TC_L015 -->
  <testcase name="TC_L014" time="0.0" classname="com.knovva.TestCases.Login1">
    <ignored/>
  </testcase> <!-- TC_L014 -->
  <testcase name="TC_L011" time="0.0" classname="com.knovva.TestCases.Login1">
    <ignored/>
  </testcase> <!-- TC_L011 -->
  <testcase name="TC_L010" time="0.0" classname="com.knovva.TestCases.Login1">
    <ignored/>
  </testcase> <!-- TC_L010 -->
  <testcase name="TC_R012" time="0.0" classname="com.knovva.TestCases.CreateAccount">
    <ignored/>
  </testcase> <!-- TC_R012 -->
  <testcase name="@BeforeSuite setUp" time="0.0" classname="com.knovva.Testbase.TestBase_Knovva">
    <ignored/>
  </testcase> <!-- @BeforeSuite setUp -->
  <testcase name="TC_R018" time="0.0" classname="com.knovva.TestCases.CreateAccount">
    <ignored/>
  </testcase> <!-- TC_R018 -->
  <testcase name="TC_R019" time="0.0" classname="com.knovva.TestCases.CreateAccount">
    <ignored/>
  </testcase> <!-- TC_R019 -->
  <testcase name="TC_R017" time="0.0" classname="com.knovva.TestCases.CreateAccount">
    <ignored/>
  </testcase> <!-- TC_R017 -->
  <testcase name="TC_R014" time="0.0" classname="com.knovva.TestCases.CreateAccount">
    <ignored/>
  </testcase> <!-- TC_R014 -->
  <testcase name="TC_R015" time="0.0" classname="com.knovva.TestCases.CreateAccount">
    <ignored/>
  </testcase> <!-- TC_R015 -->
  <testcase name="TC_R013" time="0.0" classname="com.knovva.TestCases.CreateAccount">
    <ignored/>
  </testcase> <!-- TC_R013 -->
  <testcase name="TC_L009" time="0.0" classname="com.knovva.TestCases.Login1">
    <ignored/>
  </testcase> <!-- TC_L009 -->
  <testcase name="TC_R021" time="0.0" classname="com.knovva.TestCases.CreateAccount">
    <ignored/>
  </testcase> <!-- TC_R021 -->
  <testcase name="TC_L006" time="0.0" classname="com.knovva.TestCases.Login1">
    <ignored/>
  </testcase> <!-- TC_L006 -->
  <testcase name="TC_R022" time="0.0" classname="com.knovva.TestCases.CreateAccount">
    <ignored/>
  </testcase> <!-- TC_R022 -->
  <testcase name="TC_L008" time="0.0" classname="com.knovva.TestCases.Login1">
    <ignored/>
  </testcase> <!-- TC_L008 -->
  <testcase name="TC_R020" time="0.0" classname="com.knovva.TestCases.CreateAccount">
    <ignored/>
  </testcase> <!-- TC_R020 -->
  <testcase name="TC_L005" time="0.0" classname="com.knovva.TestCases.Login1">
    <ignored/>
  </testcase> <!-- TC_L005 -->
  <testcase name="TC_L002" time="0.0" classname="com.knovva.TestCases.Login1">
    <ignored/>
  </testcase> <!-- TC_L002 -->
  <testcase name="TC_L007" time="0.0" classname="com.knovva.TestCases.Login1">
    <ignored/>
  </testcase> <!-- TC_L007 -->
  <testcase name="TC_L004" time="0.0" classname="com.knovva.TestCases.Login1">
    <ignored/>
  </testcase> <!-- TC_L004 -->
  <testcase name="TC_L020" time="0.0" classname="com.knovva.TestCases.Login1">
    <ignored/>
  </testcase> <!-- TC_L020 -->
  <testcase name="TC_L003" time="0.0" classname="com.knovva.TestCases.Login1">
    <ignored/>
  </testcase> <!-- TC_L003 -->
  <testcase name="TC_R007" time="0.0" classname="com.knovva.TestCases.CreateAccount">
    <ignored/>
  </testcase> <!-- TC_R007 -->
  <testcase name="TC_R008" time="0.0" classname="com.knovva.TestCases.CreateAccount">
    <ignored/>
  </testcase> <!-- TC_R008 -->
  <testcase name="TC_R005" time="0.0" classname="com.knovva.TestCases.CreateAccount">
    <ignored/>
  </testcase> <!-- TC_R005 -->
  <testcase name="TC_R006" time="0.0" classname="com.knovva.TestCases.CreateAccount">
    <ignored/>
  </testcase> <!-- TC_R006 -->
  <testcase name="TC_R003" time="0.0" classname="com.knovva.TestCases.CreateAccount">
    <ignored/>
  </testcase> <!-- TC_R003 -->
  <testcase name="TC_R004" time="0.0" classname="com.knovva.TestCases.CreateAccount">
    <ignored/>
  </testcase> <!-- TC_R004 -->
  <testcase name="@AfterSuite tearDown" time="0.0" classname="com.knovva.Testbase.TestBase_Knovva">
    <ignored/>
  </testcase> <!-- @AfterSuite tearDown -->
</testsuite> <!-- Test-method test -->
