<?xml version="1.0" encoding="UTF-8"?>
<!-- Generated by org.testng.reporters.JUnitXMLReporter -->
<testsuite hostname="DESKTOP-CBUUJ82" ignored="20" name="CreateAccount" tests="1" failures="1" timestamp="02 May 2019 11:49:27 GMT" time="21.777" errors="0">
  <testcase name="@AfterMethod getMethodsUpdates" time="0.029" classname="com.knovva.TestCases.CreateAccount">
    <failure type="org.openqa.selenium.NoSuchWindowException" message="no such window: target window already closed
from unknown error: web view not found
  (Session info: chrome=73.0.3683.103)
  (Driver info: chromedriver=2.43.600210 (68dcf5eebde37173d4027fa8635e332711d2874a),platform=Windows NT 10.0.15063 x86_64) (WARNING: The server did not provide any stacktrace information)
Command duration or timeout: 0 milliseconds
Build info: version: &amp;apos;3.141.59&amp;apos;, revision: &amp;apos;e82be7d358&amp;apos;, time: &amp;apos;2018-11-14T08:17:03&amp;apos;
System info: host: &amp;apos;DESKTOP-CBUUJ82&amp;apos;, ip: &amp;apos;192.168.1.47&amp;apos;, os.name: &amp;apos;Windows 10&amp;apos;, os.arch: &amp;apos;amd64&amp;apos;, os.version: &amp;apos;10.0&amp;apos;, java.version: &amp;apos;1.8.0_121&amp;apos;
Driver info: org.openqa.selenium.chrome.ChromeDriver
Capabilities {acceptInsecureCerts: false, acceptSslCerts: false, applicationCacheEnabled: false, browserConnectionEnabled: false, browserName: chrome, chrome: {chromedriverVersion: 2.43.600210 (68dcf5eebde371..., userDataDir: C:\Users\user\AppData\Local...}, cssSelectorsEnabled: true, databaseEnabled: false, goog:chromeOptions: {debuggerAddress: localhost:49956}, handlesAlerts: true, hasTouchScreen: false, javascriptEnabled: true, locationContextEnabled: true, mobileEmulationEnabled: false, nativeEvents: true, networkConnectionEnabled: false, pageLoadStrategy: normal, platform: XP, platformName: XP, rotatable: false, setWindowRect: true, takesHeapSnapshot: true, takesScreenshot: true, unexpectedAlertBehaviour: , unhandledPromptBehavior: , version: 73.0.3683.103, webStorageEnabled: true}
Session ID: 9aca0f69e57cdfa46816e7d0f9245a41">
      <![CDATA[org.openqa.selenium.NoSuchWindowException: no such window: target window already closed
from unknown error: web view not found
  (Session info: chrome=73.0.3683.103)
  (Driver info: chromedriver=2.43.600210 (68dcf5eebde37173d4027fa8635e332711d2874a),platform=Windows NT 10.0.15063 x86_64) (WARNING: The server did not provide any stacktrace information)
Command duration or timeout: 0 milliseconds
Build info: version: '3.141.59', revision: 'e82be7d358', time: '2018-11-14T08:17:03'
System info: host: 'DESKTOP-CBUUJ82', ip: '192.168.1.47', os.name: 'Windows 10', os.arch: 'amd64', os.version: '10.0', java.version: '1.8.0_121'
Driver info: org.openqa.selenium.chrome.ChromeDriver
Capabilities {acceptInsecureCerts: false, acceptSslCerts: false, applicationCacheEnabled: false, browserConnectionEnabled: false, browserName: chrome, chrome: {chromedriverVersion: 2.43.600210 (68dcf5eebde371..., userDataDir: C:\Users\user\AppData\Local...}, cssSelectorsEnabled: true, databaseEnabled: false, goog:chromeOptions: {debuggerAddress: localhost:49956}, handlesAlerts: true, hasTouchScreen: false, javascriptEnabled: true, locationContextEnabled: true, mobileEmulationEnabled: false, nativeEvents: true, networkConnectionEnabled: false, pageLoadStrategy: normal, platform: XP, platformName: XP, rotatable: false, setWindowRect: true, takesHeapSnapshot: true, takesScreenshot: true, unexpectedAlertBehaviour: , unhandledPromptBehavior: , version: 73.0.3683.103, webStorageEnabled: true}
Session ID: 9aca0f69e57cdfa46816e7d0f9245a41
at org.openqa.selenium.remote.ErrorHandler.createThrowable(ErrorHandler.java:214)
at org.openqa.selenium.remote.ErrorHandler.throwIfResponseFailed(ErrorHandler.java:166)
at org.openqa.selenium.remote.http.JsonHttpResponseCodec.reconstructValue(JsonHttpResponseCodec.java:40)
at org.openqa.selenium.remote.http.AbstractHttpResponseCodec.decode(AbstractHttpResponseCodec.java:80)
at org.openqa.selenium.remote.http.AbstractHttpResponseCodec.decode(AbstractHttpResponseCodec.java:44)
at org.openqa.selenium.remote.HttpCommandExecutor.execute(HttpCommandExecutor.java:158)
at org.openqa.selenium.remote.service.DriverCommandExecutor.execute(DriverCommandExecutor.java:83)
at org.openqa.selenium.remote.RemoteWebDriver.execute(RemoteWebDriver.java:552)
at org.openqa.selenium.remote.RemoteWebDriver.execute(RemoteWebDriver.java:609)
at org.openqa.selenium.remote.RemoteWebDriver.getScreenshotAs(RemoteWebDriver.java:295)
at com.knovva.utilities.Utils.getScreenshot(Utils.java:21)
at com.knovva.TestCases.CreateAccount.getMethodsUpdates(CreateAccount.java:951)
... Removed 32 stack frames]]>
    </failure>
  </testcase> <!-- @AfterMethod getMethodsUpdates -->
  <testcase name="@AfterTest callTearDown" time="0.0" classname="com.knovva.TestCases.CreateAccount">
    <skipped/>
  </testcase> <!-- @AfterTest callTearDown -->
  <testcase name="TC_R002" time="0.017" classname="com.knovva.TestCases.CreateAccount">
    <failure type="org.openqa.selenium.NoSuchWindowException" message="no such window: target window already closed
from unknown error: web view not found
  (Session info: chrome=73.0.3683.103)
  (Driver info: chromedriver=2.43.600210 (68dcf5eebde37173d4027fa8635e332711d2874a),platform=Windows NT 10.0.15063 x86_64) (WARNING: The server did not provide any stacktrace information)
Command duration or timeout: 0 milliseconds
Build info: version: &amp;apos;3.141.59&amp;apos;, revision: &amp;apos;e82be7d358&amp;apos;, time: &amp;apos;2018-11-14T08:17:03&amp;apos;
System info: host: &amp;apos;DESKTOP-CBUUJ82&amp;apos;, ip: &amp;apos;192.168.1.47&amp;apos;, os.name: &amp;apos;Windows 10&amp;apos;, os.arch: &amp;apos;amd64&amp;apos;, os.version: &amp;apos;10.0&amp;apos;, java.version: &amp;apos;1.8.0_121&amp;apos;
Driver info: org.openqa.selenium.chrome.ChromeDriver
Capabilities {acceptInsecureCerts: false, acceptSslCerts: false, applicationCacheEnabled: false, browserConnectionEnabled: false, browserName: chrome, chrome: {chromedriverVersion: 2.43.600210 (68dcf5eebde371..., userDataDir: C:\Users\user\AppData\Local...}, cssSelectorsEnabled: true, databaseEnabled: false, goog:chromeOptions: {debuggerAddress: localhost:49956}, handlesAlerts: true, hasTouchScreen: false, javascriptEnabled: true, locationContextEnabled: true, mobileEmulationEnabled: false, nativeEvents: true, networkConnectionEnabled: false, pageLoadStrategy: normal, platform: XP, platformName: XP, rotatable: false, setWindowRect: true, takesHeapSnapshot: true, takesScreenshot: true, unexpectedAlertBehaviour: , unhandledPromptBehavior: , version: 73.0.3683.103, webStorageEnabled: true}
Session ID: 9aca0f69e57cdfa46816e7d0f9245a41
*** Element info: {Using=xpath, value=//A[@class=&amp;apos;btn btn-outline-primary&amp;apos;][text()=&amp;apos;Create Account&amp;apos;][1]}">
      <![CDATA[org.openqa.selenium.NoSuchWindowException: no such window: target window already closed
from unknown error: web view not found
  (Session info: chrome=73.0.3683.103)
  (Driver info: chromedriver=2.43.600210 (68dcf5eebde37173d4027fa8635e332711d2874a),platform=Windows NT 10.0.15063 x86_64) (WARNING: The server did not provide any stacktrace information)
Command duration or timeout: 0 milliseconds
Build info: version: '3.141.59', revision: 'e82be7d358', time: '2018-11-14T08:17:03'
System info: host: 'DESKTOP-CBUUJ82', ip: '192.168.1.47', os.name: 'Windows 10', os.arch: 'amd64', os.version: '10.0', java.version: '1.8.0_121'
Driver info: org.openqa.selenium.chrome.ChromeDriver
Capabilities {acceptInsecureCerts: false, acceptSslCerts: false, applicationCacheEnabled: false, browserConnectionEnabled: false, browserName: chrome, chrome: {chromedriverVersion: 2.43.600210 (68dcf5eebde371..., userDataDir: C:\Users\user\AppData\Local...}, cssSelectorsEnabled: true, databaseEnabled: false, goog:chromeOptions: {debuggerAddress: localhost:49956}, handlesAlerts: true, hasTouchScreen: false, javascriptEnabled: true, locationContextEnabled: true, mobileEmulationEnabled: false, nativeEvents: true, networkConnectionEnabled: false, pageLoadStrategy: normal, platform: XP, platformName: XP, rotatable: false, setWindowRect: true, takesHeapSnapshot: true, takesScreenshot: true, unexpectedAlertBehaviour: , unhandledPromptBehavior: , version: 73.0.3683.103, webStorageEnabled: true}
Session ID: 9aca0f69e57cdfa46816e7d0f9245a41
*** Element info: {Using=xpath, value=//A[@class='btn btn-outline-primary'][text()='Create Account'][1]}
at org.openqa.selenium.remote.ErrorHandler.createThrowable(ErrorHandler.java:214)
at org.openqa.selenium.remote.ErrorHandler.throwIfResponseFailed(ErrorHandler.java:166)
at org.openqa.selenium.remote.http.JsonHttpResponseCodec.reconstructValue(JsonHttpResponseCodec.java:40)
at org.openqa.selenium.remote.http.AbstractHttpResponseCodec.decode(AbstractHttpResponseCodec.java:80)
at org.openqa.selenium.remote.http.AbstractHttpResponseCodec.decode(AbstractHttpResponseCodec.java:44)
at org.openqa.selenium.remote.HttpCommandExecutor.execute(HttpCommandExecutor.java:158)
at org.openqa.selenium.remote.service.DriverCommandExecutor.execute(DriverCommandExecutor.java:83)
at org.openqa.selenium.remote.RemoteWebDriver.execute(RemoteWebDriver.java:552)
at org.openqa.selenium.remote.RemoteWebDriver.findElement(RemoteWebDriver.java:323)
at org.openqa.selenium.remote.RemoteWebDriver.findElementByXPath(RemoteWebDriver.java:428)
at org.openqa.selenium.By$ByXPath.findElement(By.java:353)
at org.openqa.selenium.remote.RemoteWebDriver.findElement(RemoteWebDriver.java:315)
at com.knovva.TestCases.CreateAccount.TC_R002(CreateAccount.java:58)
... Removed 29 stack frames]]>
    </failure>
  </testcase> <!-- TC_R002 -->
  <testcase name="TC_R021" time="0.0" classname="com.knovva.TestCases.CreateAccount">
    <ignored/>
  </testcase> <!-- TC_R021 -->
  <testcase name="TC_R010" time="0.0" classname="com.knovva.TestCases.CreateAccount">
    <ignored/>
  </testcase> <!-- TC_R010 -->
  <testcase name="TC_R022" time="0.0" classname="com.knovva.TestCases.CreateAccount">
    <ignored/>
  </testcase> <!-- TC_R022 -->
  <testcase name="TC_R011" time="0.0" classname="com.knovva.TestCases.CreateAccount">
    <ignored/>
  </testcase> <!-- TC_R011 -->
  <testcase name="TC_R020" time="0.0" classname="com.knovva.TestCases.CreateAccount">
    <ignored/>
  </testcase> <!-- TC_R020 -->
  <testcase name="TC_R009" time="0.0" classname="com.knovva.TestCases.CreateAccount">
    <ignored/>
  </testcase> <!-- TC_R009 -->
  <testcase name="TC_R023" time="0.0" classname="com.knovva.TestCases.CreateAccount">
    <ignored/>
  </testcase> <!-- TC_R023 -->
  <testcase name="TC_R012" time="0.0" classname="com.knovva.TestCases.CreateAccount">
    <ignored/>
  </testcase> <!-- TC_R012 -->
  <testcase name="TC_R007" time="0.0" classname="com.knovva.TestCases.CreateAccount">
    <ignored/>
  </testcase> <!-- TC_R007 -->
  <testcase name="TC_R018" time="0.0" classname="com.knovva.TestCases.CreateAccount">
    <ignored/>
  </testcase> <!-- TC_R018 -->
  <testcase name="TC_R008" time="0.0" classname="com.knovva.TestCases.CreateAccount">
    <ignored/>
  </testcase> <!-- TC_R008 -->
  <testcase name="TC_R019" time="0.0" classname="com.knovva.TestCases.CreateAccount">
    <ignored/>
  </testcase> <!-- TC_R019 -->
  <testcase name="TC_R005" time="0.0" classname="com.knovva.TestCases.CreateAccount">
    <ignored/>
  </testcase> <!-- TC_R005 -->
  <testcase name="TC_R006" time="0.0" classname="com.knovva.TestCases.CreateAccount">
    <ignored/>
  </testcase> <!-- TC_R006 -->
  <testcase name="TC_R017" time="0.0" classname="com.knovva.TestCases.CreateAccount">
    <ignored/>
  </testcase> <!-- TC_R017 -->
  <testcase name="TC_R003" time="0.0" classname="com.knovva.TestCases.CreateAccount">
    <ignored/>
  </testcase> <!-- TC_R003 -->
  <testcase name="TC_R014" time="0.0" classname="com.knovva.TestCases.CreateAccount">
    <ignored/>
  </testcase> <!-- TC_R014 -->
  <testcase name="TC_R004" time="0.0" classname="com.knovva.TestCases.CreateAccount">
    <ignored/>
  </testcase> <!-- TC_R004 -->
  <testcase name="TC_R015" time="0.0" classname="com.knovva.TestCases.CreateAccount">
    <ignored/>
  </testcase> <!-- TC_R015 -->
  <testcase name="TC_R013" time="0.0" classname="com.knovva.TestCases.CreateAccount">
    <ignored/>
  </testcase> <!-- TC_R013 -->
</testsuite> <!-- CreateAccount -->
