<?xml version="1.0" encoding="UTF-8"?>
<!-- Generated by org.testng.reporters.JUnitXMLReporter -->
<testsuite hostname="DESKTOP-CBUUJ82" ignored="17" name="Login" tests="2" failures="1" timestamp="02 May 2019 11:49:06 GMT" time="64.046" errors="0">
  <testcase name="@AfterMethod getMethodsUpdates" time="0.041" classname="com.knovva.TestCases.Login1">
    <failure type="org.openqa.selenium.NoSuchWindowException" message="no such window: target window already closed
from unknown error: web view not found
  (Session info: chrome=73.0.3683.103)
  (Driver info: chromedriver=2.43.600210 (68dcf5eebde37173d4027fa8635e332711d2874a),platform=Windows NT 10.0.15063 x86_64) (WARNING: The server did not provide any stacktrace information)
Command duration or timeout: 0 milliseconds
Build info: version: &amp;apos;3.141.59&amp;apos;, revision: &amp;apos;e82be7d358&amp;apos;, time: &amp;apos;2018-11-14T08:17:03&amp;apos;
System info: host: &amp;apos;DESKTOP-CBUUJ82&amp;apos;, ip: &amp;apos;192.168.1.47&amp;apos;, os.name: &amp;apos;Windows 10&amp;apos;, os.arch: &amp;apos;amd64&amp;apos;, os.version: &amp;apos;10.0&amp;apos;, java.version: &amp;apos;1.8.0_121&amp;apos;
Driver info: org.openqa.selenium.chrome.ChromeDriver
Capabilities {acceptInsecureCerts: false, acceptSslCerts: false, applicationCacheEnabled: false, browserConnectionEnabled: false, browserName: chrome, chrome: {chromedriverVersion: 2.43.600210 (68dcf5eebde371..., userDataDir: C:\Users\user\AppData\Local...}, cssSelectorsEnabled: true, databaseEnabled: false, goog:chromeOptions: {debuggerAddress: localhost:49855}, handlesAlerts: true, hasTouchScreen: false, javascriptEnabled: true, locationContextEnabled: true, mobileEmulationEnabled: false, nativeEvents: true, networkConnectionEnabled: false, pageLoadStrategy: normal, platform: XP, platformName: XP, rotatable: false, setWindowRect: true, takesHeapSnapshot: true, takesScreenshot: true, unexpectedAlertBehaviour: , unhandledPromptBehavior: , version: 73.0.3683.103, webStorageEnabled: true}
Session ID: 4ebe7046c3f9b15d14fb36cc05fc5647">
      <![CDATA[org.openqa.selenium.NoSuchWindowException: no such window: target window already closed
from unknown error: web view not found
  (Session info: chrome=73.0.3683.103)
  (Driver info: chromedriver=2.43.600210 (68dcf5eebde37173d4027fa8635e332711d2874a),platform=Windows NT 10.0.15063 x86_64) (WARNING: The server did not provide any stacktrace information)
Command duration or timeout: 0 milliseconds
Build info: version: '3.141.59', revision: 'e82be7d358', time: '2018-11-14T08:17:03'
System info: host: 'DESKTOP-CBUUJ82', ip: '192.168.1.47', os.name: 'Windows 10', os.arch: 'amd64', os.version: '10.0', java.version: '1.8.0_121'
Driver info: org.openqa.selenium.chrome.ChromeDriver
Capabilities {acceptInsecureCerts: false, acceptSslCerts: false, applicationCacheEnabled: false, browserConnectionEnabled: false, browserName: chrome, chrome: {chromedriverVersion: 2.43.600210 (68dcf5eebde371..., userDataDir: C:\Users\user\AppData\Local...}, cssSelectorsEnabled: true, databaseEnabled: false, goog:chromeOptions: {debuggerAddress: localhost:49855}, handlesAlerts: true, hasTouchScreen: false, javascriptEnabled: true, locationContextEnabled: true, mobileEmulationEnabled: false, nativeEvents: true, networkConnectionEnabled: false, pageLoadStrategy: normal, platform: XP, platformName: XP, rotatable: false, setWindowRect: true, takesHeapSnapshot: true, takesScreenshot: true, unexpectedAlertBehaviour: , unhandledPromptBehavior: , version: 73.0.3683.103, webStorageEnabled: true}
Session ID: 4ebe7046c3f9b15d14fb36cc05fc5647
at org.openqa.selenium.remote.ErrorHandler.createThrowable(ErrorHandler.java:214)
at org.openqa.selenium.remote.ErrorHandler.throwIfResponseFailed(ErrorHandler.java:166)
at org.openqa.selenium.remote.http.JsonHttpResponseCodec.reconstructValue(JsonHttpResponseCodec.java:40)
at org.openqa.selenium.remote.http.AbstractHttpResponseCodec.decode(AbstractHttpResponseCodec.java:80)
at org.openqa.selenium.remote.http.AbstractHttpResponseCodec.decode(AbstractHttpResponseCodec.java:44)
at org.openqa.selenium.remote.HttpCommandExecutor.execute(HttpCommandExecutor.java:158)
at org.openqa.selenium.remote.service.DriverCommandExecutor.execute(DriverCommandExecutor.java:83)
at org.openqa.selenium.remote.RemoteWebDriver.execute(RemoteWebDriver.java:552)
at org.openqa.selenium.remote.RemoteWebDriver.execute(RemoteWebDriver.java:609)
at org.openqa.selenium.remote.RemoteWebDriver.getScreenshotAs(RemoteWebDriver.java:295)
at com.knovva.utilities.Utils.getScreenshot(Utils.java:21)
at com.knovva.TestCases.Login1.getMethodsUpdates(Login1.java:946)
... Removed 32 stack frames]]>
    </failure>
  </testcase> <!-- @AfterMethod getMethodsUpdates -->
  <testcase name="@AfterTest callTearDown" time="0.0" classname="com.knovva.TestCases.Login1">
    <skipped/>
  </testcase> <!-- @AfterTest callTearDown -->
  <testcase name="TC_L001" time="1.914" classname="com.knovva.TestCases.Login1"/>
  <testcase name="TC_L020" time="13.677" classname="com.knovva.TestCases.Login1">
    <failure type="org.openqa.selenium.NoSuchElementException" message="Cannot locate an element using xpath=//input[@id=&amp;apos;identifierId&amp;apos;]
For documentation on this error, please visit: https://www.seleniumhq.org/exceptions/no_such_element.html
Build info: version: &amp;apos;3.141.59&amp;apos;, revision: &amp;apos;e82be7d358&amp;apos;, time: &amp;apos;2018-11-14T08:17:03&amp;apos;
System info: host: &amp;apos;DESKTOP-CBUUJ82&amp;apos;, ip: &amp;apos;192.168.1.47&amp;apos;, os.name: &amp;apos;Windows 10&amp;apos;, os.arch: &amp;apos;amd64&amp;apos;, os.version: &amp;apos;10.0&amp;apos;, java.version: &amp;apos;1.8.0_121&amp;apos;
Driver info: driver.version: RemoteWebDriver">
      <![CDATA[org.openqa.selenium.NoSuchElementException: Cannot locate an element using xpath=//input[@id='identifierId']
For documentation on this error, please visit: https://www.seleniumhq.org/exceptions/no_such_element.html
Build info: version: '3.141.59', revision: 'e82be7d358', time: '2018-11-14T08:17:03'
System info: host: 'DESKTOP-CBUUJ82', ip: '192.168.1.47', os.name: 'Windows 10', os.arch: 'amd64', os.version: '10.0', java.version: '1.8.0_121'
Driver info: driver.version: RemoteWebDriver
at org.openqa.selenium.remote.RemoteWebDriver.findElement(RemoteWebDriver.java:327)
at org.openqa.selenium.remote.RemoteWebDriver.findElementByXPath(RemoteWebDriver.java:428)
at org.openqa.selenium.By$ByXPath.findElement(By.java:353)
at org.openqa.selenium.remote.RemoteWebDriver.findElement(RemoteWebDriver.java:315)
at com.knovva.TestCases.Login1.TC_L020(Login1.java:894)
... Removed 25 stack frames]]>
    </failure>
  </testcase> <!-- TC_L020 -->
  <testcase name="TC_L009" time="0.0" classname="com.knovva.TestCases.Login1">
    <ignored/>
  </testcase> <!-- TC_L009 -->
  <testcase name="TC_L017" time="0.0" classname="com.knovva.TestCases.Login1">
    <ignored/>
  </testcase> <!-- TC_L017 -->
  <testcase name="TC_L006" time="0.0" classname="com.knovva.TestCases.Login1">
    <ignored/>
  </testcase> <!-- TC_L006 -->
  <testcase name="TC_L019" time="0.0" classname="com.knovva.TestCases.Login1">
    <ignored/>
  </testcase> <!-- TC_L019 -->
  <testcase name="TC_L008" time="0.0" classname="com.knovva.TestCases.Login1">
    <ignored/>
  </testcase> <!-- TC_L008 -->
  <testcase name="TC_L005" time="0.0" classname="com.knovva.TestCases.Login1">
    <ignored/>
  </testcase> <!-- TC_L005 -->
  <testcase name="TC_L016" time="0.0" classname="com.knovva.TestCases.Login1">
    <ignored/>
  </testcase> <!-- TC_L016 -->
  <testcase name="TC_L002" time="0.0" classname="com.knovva.TestCases.Login1">
    <ignored/>
  </testcase> <!-- TC_L002 -->
  <testcase name="TC_L013" time="0.0" classname="com.knovva.TestCases.Login1">
    <ignored/>
  </testcase> <!-- TC_L013 -->
  <testcase name="TC_L007" time="0.0" classname="com.knovva.TestCases.Login1">
    <ignored/>
  </testcase> <!-- TC_L007 -->
  <testcase name="TC_L018" time="0.0" classname="com.knovva.TestCases.Login1">
    <ignored/>
  </testcase> <!-- TC_L018 -->
  <testcase name="TC_L015" time="0.0" classname="com.knovva.TestCases.Login1">
    <ignored/>
  </testcase> <!-- TC_L015 -->
  <testcase name="TC_L004" time="0.0" classname="com.knovva.TestCases.Login1">
    <ignored/>
  </testcase> <!-- TC_L004 -->
  <testcase name="TC_L003" time="0.0" classname="com.knovva.TestCases.Login1">
    <ignored/>
  </testcase> <!-- TC_L003 -->
  <testcase name="TC_L014" time="0.0" classname="com.knovva.TestCases.Login1">
    <ignored/>
  </testcase> <!-- TC_L014 -->
  <testcase name="TC_L011" time="0.0" classname="com.knovva.TestCases.Login1">
    <ignored/>
  </testcase> <!-- TC_L011 -->
  <testcase name="TC_L010" time="0.0" classname="com.knovva.TestCases.Login1">
    <ignored/>
  </testcase> <!-- TC_L010 -->
</testsuite> <!-- Login -->
