<?xml version="1.0" encoding="UTF-8"?>
<!-- Generated by org.testng.reporters.JUnitXMLReporter -->
<testsuite hostname="DESKTOP-CBUUJ82" ignored="9" name="StudentClubsAppForm" tests="32" failures="0" timestamp="22 Apr 2019 06:06:40 GMT" time="0.085" errors="0">
  <testcase name="@BeforeClass BrowserStart" time="0.009" classname="com.knovva.TestCases.StudentClubsAppForm">
    <failure type="org.openqa.selenium.WebDriverException" message="unknown error: unhandled inspector error: {&amp;quot;code&amp;quot;:-32000,&amp;quot;message&amp;quot;:&amp;quot;No target with given id&amp;quot;}
  (Session info: chrome=73.0.3683.103)
  (Driver info: chromedriver=2.43.600210 (68dcf5eebde37173d4027fa8635e332711d2874a),platform=Windows NT 10.0.15063 x86_64) (WARNING: The server did not provide any stacktrace information)
Command duration or timeout: 0 milliseconds
Build info: version: &amp;apos;3.141.59&amp;apos;, revision: &amp;apos;e82be7d358&amp;apos;, time: &amp;apos;2018-11-14T08:17:03&amp;apos;
System info: host: &amp;apos;DESKTOP-CBUUJ82&amp;apos;, ip: &amp;apos;192.168.1.47&amp;apos;, os.name: &amp;apos;Windows 10&amp;apos;, os.arch: &amp;apos;amd64&amp;apos;, os.version: &amp;apos;10.0&amp;apos;, java.version: &amp;apos;1.8.0_121&amp;apos;
Driver info: org.openqa.selenium.chrome.ChromeDriver
Capabilities {acceptInsecureCerts: false, acceptSslCerts: false, applicationCacheEnabled: false, browserConnectionEnabled: false, browserName: chrome, chrome: {chromedriverVersion: 2.43.600210 (68dcf5eebde371..., userDataDir: C:\Users\user\AppData\Local...}, cssSelectorsEnabled: true, databaseEnabled: false, goog:chromeOptions: {debuggerAddress: localhost:51116}, handlesAlerts: true, hasTouchScreen: false, javascriptEnabled: true, locationContextEnabled: true, mobileEmulationEnabled: false, nativeEvents: true, networkConnectionEnabled: false, pageLoadStrategy: normal, platform: XP, platformName: XP, rotatable: false, setWindowRect: true, takesHeapSnapshot: true, takesScreenshot: true, unexpectedAlertBehaviour: , unhandledPromptBehavior: , version: 73.0.3683.103, webStorageEnabled: true}
Session ID: 58cce66096dea344daa3594b653aeacf">
      <![CDATA[org.openqa.selenium.WebDriverException: unknown error: unhandled inspector error: {"code":-32000,"message":"No target with given id"}
  (Session info: chrome=73.0.3683.103)
  (Driver info: chromedriver=2.43.600210 (68dcf5eebde37173d4027fa8635e332711d2874a),platform=Windows NT 10.0.15063 x86_64) (WARNING: The server did not provide any stacktrace information)
Command duration or timeout: 0 milliseconds
Build info: version: '3.141.59', revision: 'e82be7d358', time: '2018-11-14T08:17:03'
System info: host: 'DESKTOP-CBUUJ82', ip: '192.168.1.47', os.name: 'Windows 10', os.arch: 'amd64', os.version: '10.0', java.version: '1.8.0_121'
Driver info: org.openqa.selenium.chrome.ChromeDriver
Capabilities {acceptInsecureCerts: false, acceptSslCerts: false, applicationCacheEnabled: false, browserConnectionEnabled: false, browserName: chrome, chrome: {chromedriverVersion: 2.43.600210 (68dcf5eebde371..., userDataDir: C:\Users\user\AppData\Local...}, cssSelectorsEnabled: true, databaseEnabled: false, goog:chromeOptions: {debuggerAddress: localhost:51116}, handlesAlerts: true, hasTouchScreen: false, javascriptEnabled: true, locationContextEnabled: true, mobileEmulationEnabled: false, nativeEvents: true, networkConnectionEnabled: false, pageLoadStrategy: normal, platform: XP, platformName: XP, rotatable: false, setWindowRect: true, takesHeapSnapshot: true, takesScreenshot: true, unexpectedAlertBehaviour: , unhandledPromptBehavior: , version: 73.0.3683.103, webStorageEnabled: true}
Session ID: 58cce66096dea344daa3594b653aeacf
at org.openqa.selenium.remote.ErrorHandler.createThrowable(ErrorHandler.java:214)
at org.openqa.selenium.remote.ErrorHandler.throwIfResponseFailed(ErrorHandler.java:166)
at org.openqa.selenium.remote.http.JsonHttpResponseCodec.reconstructValue(JsonHttpResponseCodec.java:40)
at org.openqa.selenium.remote.http.AbstractHttpResponseCodec.decode(AbstractHttpResponseCodec.java:80)
at org.openqa.selenium.remote.http.AbstractHttpResponseCodec.decode(AbstractHttpResponseCodec.java:44)
at org.openqa.selenium.remote.HttpCommandExecutor.execute(HttpCommandExecutor.java:158)
at org.openqa.selenium.remote.service.DriverCommandExecutor.execute(DriverCommandExecutor.java:83)
at org.openqa.selenium.remote.RemoteWebDriver.execute(RemoteWebDriver.java:552)
at org.openqa.selenium.remote.RemoteWebDriver.execute(RemoteWebDriver.java:609)
at org.openqa.selenium.remote.RemoteWebDriver$RemoteWebDriverOptions$RemoteWindow.maximize(RemoteWebDriver.java:837)
at com.knovva.Testbase.TestBase_Knovva.initialization(TestBase_Knovva.java:136)
at com.knovva.Testbase.TestBase_Knovva.validLogin(TestBase_Knovva.java:147)
at com.knovva.TestCases.StudentClubsAppForm.BrowserStart(StudentClubsAppForm.java:17)
at java.util.concurrent.FutureTask.run(Unknown Source)
at java.util.concurrent.ThreadPoolExecutor.runWorker(Unknown Source)
at java.util.concurrent.ThreadPoolExecutor$Worker.run(Unknown Source)
at java.lang.Thread.run(Unknown Source)
... Removed 21 stack frames]]>
    </failure>
  </testcase> <!-- @BeforeClass BrowserStart -->
  <testcase name="@AfterClass BrowserExit" time="0.0" classname="com.knovva.TestCases.StudentClubsAppForm">
    <skipped/>
  </testcase> <!-- @AfterClass BrowserExit -->
  <testcase name="TC_SC068" time="0.0" classname="com.knovva.TestCases.StudentClubsAppForm">
    <skipped/>
  </testcase> <!-- TC_SC068 -->
  <testcase name="TC_SC069" time="0.0" classname="com.knovva.TestCases.StudentClubsAppForm">
    <skipped/>
  </testcase> <!-- TC_SC069 -->
  <testcase name="TC_SC070" time="0.0" classname="com.knovva.TestCases.StudentClubsAppForm">
    <skipped/>
  </testcase> <!-- TC_SC070 -->
  <testcase name="TC_SC071" time="0.0" classname="com.knovva.TestCases.StudentClubsAppForm">
    <skipped/>
  </testcase> <!-- TC_SC071 -->
  <testcase name="TC_SC076" time="0.0" classname="com.knovva.TestCases.StudentClubsAppForm">
    <skipped/>
  </testcase> <!-- TC_SC076 -->
  <testcase name="TC_SC077" time="0.0" classname="com.knovva.TestCases.StudentClubsAppForm">
    <skipped/>
  </testcase> <!-- TC_SC077 -->
  <testcase name="TC_SC078" time="0.0" classname="com.knovva.TestCases.StudentClubsAppForm">
    <skipped/>
  </testcase> <!-- TC_SC078 -->
  <testcase name="TC_SC084" time="0.0" classname="com.knovva.TestCases.StudentClubsAppForm">
    <skipped/>
  </testcase> <!-- TC_SC084 -->
  <testcase name="TC_SC085" time="0.0" classname="com.knovva.TestCases.StudentClubsAppForm">
    <skipped/>
  </testcase> <!-- TC_SC085 -->
  <testcase name="TC_SC086" time="0.0" classname="com.knovva.TestCases.StudentClubsAppForm">
    <skipped/>
  </testcase> <!-- TC_SC086 -->
  <testcase name="TC_SC087" time="0.0" classname="com.knovva.TestCases.StudentClubsAppForm">
    <skipped/>
  </testcase> <!-- TC_SC087 -->
  <testcase name="TC_SC088" time="0.0" classname="com.knovva.TestCases.StudentClubsAppForm">
    <skipped/>
  </testcase> <!-- TC_SC088 -->
  <testcase name="TC_SC089" time="0.0" classname="com.knovva.TestCases.StudentClubsAppForm">
    <skipped/>
  </testcase> <!-- TC_SC089 -->
  <testcase name="TC_SC090" time="0.0" classname="com.knovva.TestCases.StudentClubsAppForm">
    <skipped/>
  </testcase> <!-- TC_SC090 -->
  <testcase name="TC_SC091" time="0.0" classname="com.knovva.TestCases.StudentClubsAppForm">
    <skipped/>
  </testcase> <!-- TC_SC091 -->
  <testcase name="TC_SC092" time="0.0" classname="com.knovva.TestCases.StudentClubsAppForm">
    <skipped/>
  </testcase> <!-- TC_SC092 -->
  <testcase name="TC_SC093" time="0.0" classname="com.knovva.TestCases.StudentClubsAppForm">
    <skipped/>
  </testcase> <!-- TC_SC093 -->
  <testcase name="TC_SC094" time="0.0" classname="com.knovva.TestCases.StudentClubsAppForm">
    <skipped/>
  </testcase> <!-- TC_SC094 -->
  <testcase name="TC_SC095" time="0.0" classname="com.knovva.TestCases.StudentClubsAppForm">
    <skipped/>
  </testcase> <!-- TC_SC095 -->
  <testcase name="TC_SC096" time="0.0" classname="com.knovva.TestCases.StudentClubsAppForm">
    <skipped/>
  </testcase> <!-- TC_SC096 -->
  <testcase name="TC_SC097" time="0.0" classname="com.knovva.TestCases.StudentClubsAppForm">
    <skipped/>
  </testcase> <!-- TC_SC097 -->
  <testcase name="TC_SC098" time="0.0" classname="com.knovva.TestCases.StudentClubsAppForm">
    <skipped/>
  </testcase> <!-- TC_SC098 -->
  <testcase name="TC_SC099" time="0.0" classname="com.knovva.TestCases.StudentClubsAppForm">
    <skipped/>
  </testcase> <!-- TC_SC099 -->
  <testcase name="TC_SC100" time="0.0" classname="com.knovva.TestCases.StudentClubsAppForm">
    <skipped/>
  </testcase> <!-- TC_SC100 -->
  <testcase name="TC_SC101" time="0.0" classname="com.knovva.TestCases.StudentClubsAppForm">
    <skipped/>
  </testcase> <!-- TC_SC101 -->
  <testcase name="TC_SC102" time="0.0" classname="com.knovva.TestCases.StudentClubsAppForm">
    <skipped/>
  </testcase> <!-- TC_SC102 -->
  <testcase name="TC_SC103" time="0.0" classname="com.knovva.TestCases.StudentClubsAppForm">
    <skipped/>
  </testcase> <!-- TC_SC103 -->
  <testcase name="TC_SC104" time="0.0" classname="com.knovva.TestCases.StudentClubsAppForm">
    <skipped/>
  </testcase> <!-- TC_SC104 -->
  <testcase name="TC_SC105" time="0.0" classname="com.knovva.TestCases.StudentClubsAppForm">
    <skipped/>
  </testcase> <!-- TC_SC105 -->
  <testcase name="TC_SC106" time="0.0" classname="com.knovva.TestCases.StudentClubsAppForm">
    <skipped/>
  </testcase> <!-- TC_SC106 -->
  <testcase name="TC_SC107" time="0.0" classname="com.knovva.TestCases.StudentClubsAppForm">
    <skipped/>
  </testcase> <!-- TC_SC107 -->
  <testcase name="TC_SC108" time="0.0" classname="com.knovva.TestCases.StudentClubsAppForm">
    <skipped/>
  </testcase> <!-- TC_SC108 -->
  <testcase name="TC_SC079" time="0.0" classname="com.knovva.TestCases.StudentClubsAppForm">
    <ignored/>
  </testcase> <!-- TC_SC079 -->
  <testcase name="TC_SC074" time="0.0" classname="com.knovva.TestCases.StudentClubsAppForm">
    <ignored/>
  </testcase> <!-- TC_SC074 -->
  <testcase name="TC_SC080" time="0.0" classname="com.knovva.TestCases.StudentClubsAppForm">
    <ignored/>
  </testcase> <!-- TC_SC080 -->
  <testcase name="TC_SC072" time="0.0" classname="com.knovva.TestCases.StudentClubsAppForm">
    <ignored/>
  </testcase> <!-- TC_SC072 -->
  <testcase name="TC_SC083" time="0.0" classname="com.knovva.TestCases.StudentClubsAppForm">
    <ignored/>
  </testcase> <!-- TC_SC083 -->
  <testcase name="TC_SC082" time="0.0" classname="com.knovva.TestCases.StudentClubsAppForm">
    <ignored/>
  </testcase> <!-- TC_SC082 -->
  <testcase name="TC_SC073" time="0.0" classname="com.knovva.TestCases.StudentClubsAppForm">
    <ignored/>
  </testcase> <!-- TC_SC073 -->
  <testcase name="TC_SC075" time="0.0" classname="com.knovva.TestCases.StudentClubsAppForm">
    <ignored/>
  </testcase> <!-- TC_SC075 -->
  <testcase name="TC_SC081" time="0.0" classname="com.knovva.TestCases.StudentClubsAppForm">
    <ignored/>
  </testcase> <!-- TC_SC081 -->
</testsuite> <!-- StudentClubsAppForm -->
