<?xml version="1.0" encoding="UTF-8"?>
<!-- Generated by org.testng.reporters.JUnitXMLReporter -->
<testsuite hostname="DESKTOP-CBUUJ82" ignored="11" name="Update_Profile" tests="3" failures="0" timestamp="22 Apr 2019 06:06:40 GMT" time="0.036" errors="0">
  <testcase name="@BeforeClass login" time="0.011" classname="com.knovva.TestCases.Update_Profile">
    <failure type="org.openqa.selenium.WebDriverException" message="unknown error: unhandled inspector error: {&amp;quot;code&amp;quot;:-32000,&amp;quot;message&amp;quot;:&amp;quot;No target with given id&amp;quot;}
  (Session info: chrome=73.0.3683.103)
  (Driver info: chromedriver=2.43.600210 (68dcf5eebde37173d4027fa8635e332711d2874a),platform=Windows NT 10.0.15063 x86_64) (WARNING: The server did not provide any stacktrace information)
Command duration or timeout: 0 milliseconds
Build info: version: &amp;apos;3.141.59&amp;apos;, revision: &amp;apos;e82be7d358&amp;apos;, time: &amp;apos;2018-11-14T08:17:03&amp;apos;
System info: host: &amp;apos;DESKTOP-CBUUJ82&amp;apos;, ip: &amp;apos;192.168.1.47&amp;apos;, os.name: &amp;apos;Windows 10&amp;apos;, os.arch: &amp;apos;amd64&amp;apos;, os.version: &amp;apos;10.0&amp;apos;, java.version: &amp;apos;1.8.0_121&amp;apos;
Driver info: org.openqa.selenium.chrome.ChromeDriver
Capabilities {acceptInsecureCerts: false, acceptSslCerts: false, applicationCacheEnabled: false, browserConnectionEnabled: false, browserName: chrome, chrome: {chromedriverVersion: 2.43.600210 (68dcf5eebde371..., userDataDir: C:\Users\user\AppData\Local...}, cssSelectorsEnabled: true, databaseEnabled: false, goog:chromeOptions: {debuggerAddress: localhost:51116}, handlesAlerts: true, hasTouchScreen: false, javascriptEnabled: true, locationContextEnabled: true, mobileEmulationEnabled: false, nativeEvents: true, networkConnectionEnabled: false, pageLoadStrategy: normal, platform: XP, platformName: XP, rotatable: false, setWindowRect: true, takesHeapSnapshot: true, takesScreenshot: true, unexpectedAlertBehaviour: , unhandledPromptBehavior: , version: 73.0.3683.103, webStorageEnabled: true}
Session ID: 58cce66096dea344daa3594b653aeacf">
      <![CDATA[org.openqa.selenium.WebDriverException: unknown error: unhandled inspector error: {"code":-32000,"message":"No target with given id"}
  (Session info: chrome=73.0.3683.103)
  (Driver info: chromedriver=2.43.600210 (68dcf5eebde37173d4027fa8635e332711d2874a),platform=Windows NT 10.0.15063 x86_64) (WARNING: The server did not provide any stacktrace information)
Command duration or timeout: 0 milliseconds
Build info: version: '3.141.59', revision: 'e82be7d358', time: '2018-11-14T08:17:03'
System info: host: 'DESKTOP-CBUUJ82', ip: '192.168.1.47', os.name: 'Windows 10', os.arch: 'amd64', os.version: '10.0', java.version: '1.8.0_121'
Driver info: org.openqa.selenium.chrome.ChromeDriver
Capabilities {acceptInsecureCerts: false, acceptSslCerts: false, applicationCacheEnabled: false, browserConnectionEnabled: false, browserName: chrome, chrome: {chromedriverVersion: 2.43.600210 (68dcf5eebde371..., userDataDir: C:\Users\user\AppData\Local...}, cssSelectorsEnabled: true, databaseEnabled: false, goog:chromeOptions: {debuggerAddress: localhost:51116}, handlesAlerts: true, hasTouchScreen: false, javascriptEnabled: true, locationContextEnabled: true, mobileEmulationEnabled: false, nativeEvents: true, networkConnectionEnabled: false, pageLoadStrategy: normal, platform: XP, platformName: XP, rotatable: false, setWindowRect: true, takesHeapSnapshot: true, takesScreenshot: true, unexpectedAlertBehaviour: , unhandledPromptBehavior: , version: 73.0.3683.103, webStorageEnabled: true}
Session ID: 58cce66096dea344daa3594b653aeacf
at org.openqa.selenium.remote.ErrorHandler.createThrowable(ErrorHandler.java:214)
at org.openqa.selenium.remote.ErrorHandler.throwIfResponseFailed(ErrorHandler.java:166)
at org.openqa.selenium.remote.http.JsonHttpResponseCodec.reconstructValue(JsonHttpResponseCodec.java:40)
at org.openqa.selenium.remote.http.AbstractHttpResponseCodec.decode(AbstractHttpResponseCodec.java:80)
at org.openqa.selenium.remote.http.AbstractHttpResponseCodec.decode(AbstractHttpResponseCodec.java:44)
at org.openqa.selenium.remote.HttpCommandExecutor.execute(HttpCommandExecutor.java:158)
at org.openqa.selenium.remote.service.DriverCommandExecutor.execute(DriverCommandExecutor.java:83)
at org.openqa.selenium.remote.RemoteWebDriver.execute(RemoteWebDriver.java:552)
at org.openqa.selenium.remote.RemoteWebDriver.execute(RemoteWebDriver.java:609)
at org.openqa.selenium.remote.RemoteWebDriver$RemoteWebDriverOptions$RemoteWindow.maximize(RemoteWebDriver.java:837)
at com.knovva.Testbase.TestBase_Knovva.initialization(TestBase_Knovva.java:136)
at com.knovva.Testbase.TestBase_Knovva.validLogin(TestBase_Knovva.java:147)
at com.knovva.TestCases.Update_Profile.login(Update_Profile.java:26)
at java.util.concurrent.FutureTask.run(Unknown Source)
at java.util.concurrent.ThreadPoolExecutor.runWorker(Unknown Source)
at java.util.concurrent.ThreadPoolExecutor$Worker.run(Unknown Source)
at java.lang.Thread.run(Unknown Source)
... Removed 21 stack frames]]>
    </failure>
  </testcase> <!-- @BeforeClass login -->
  <testcase name="@AfterClass BExit" time="0.0" classname="com.knovva.TestCases.Update_Profile">
    <skipped/>
  </testcase> <!-- @AfterClass BExit -->
  <testcase name="TC_UP001" time="0.0" classname="com.knovva.TestCases.Update_Profile">
    <skipped/>
  </testcase> <!-- TC_UP001 -->
  <testcase name="TC_UP010" time="0.0" classname="com.knovva.TestCases.Update_Profile">
    <skipped/>
  </testcase> <!-- TC_UP010 -->
  <testcase name="TC_UP011" time="0.0" classname="com.knovva.TestCases.Update_Profile">
    <skipped/>
  </testcase> <!-- TC_UP011 -->
  <testcase name="TC_UP009" time="0.0" classname="com.knovva.TestCases.Update_Profile">
    <ignored/>
  </testcase> <!-- TC_UP009 -->
  <testcase name="TC_UP019" time="0.0" classname="com.knovva.TestCases.Update_Profile">
    <ignored/>
  </testcase> <!-- TC_UP019 -->
  <testcase name="TC_UP008" time="0.0" classname="com.knovva.TestCases.Update_Profile">
    <ignored/>
  </testcase> <!-- TC_UP008 -->
  <testcase name="TC_UP007" time="0.0" classname="com.knovva.TestCases.Update_Profile">
    <ignored/>
  </testcase> <!-- TC_UP007 -->
  <testcase name="TC_UP020" time="0.0" classname="com.knovva.TestCases.Update_Profile">
    <ignored/>
  </testcase> <!-- TC_UP020 -->
  <testcase name="TC_UP005" time="0.0" classname="com.knovva.TestCases.Update_Profile">
    <ignored/>
  </testcase> <!-- TC_UP005 -->
  <testcase name="TC_UP004" time="0.0" classname="com.knovva.TestCases.Update_Profile">
    <ignored/>
  </testcase> <!-- TC_UP004 -->
  <testcase name="TC_UP003" time="0.0" classname="com.knovva.TestCases.Update_Profile">
    <ignored/>
  </testcase> <!-- TC_UP003 -->
  <testcase name="TC_UP012" time="0.0" classname="com.knovva.TestCases.Update_Profile">
    <ignored/>
  </testcase> <!-- TC_UP012 -->
  <testcase name="TC_UP006" time="0.0" classname="com.knovva.TestCases.Update_Profile">
    <ignored/>
  </testcase> <!-- TC_UP006 -->
  <testcase name="TC_UP002" time="0.0" classname="com.knovva.TestCases.Update_Profile">
    <ignored/>
  </testcase> <!-- TC_UP002 -->
</testsuite> <!-- Update_Profile -->
