<?xml version="1.0" encoding="UTF-8"?>
<testsuite name="CreateAccount"
           tests="24"
           failures="1"
           errors="0"
           skipped="23"
           time="0.018">
  <properties />
            <testcase name="BrowserStart" time="0.017" classname="com.knovva.TestCases.CreateAccount">
                <failure type="org.openqa.selenium.WebDriverException"
                  message="unknown error: unhandled inspector error: {&quot;code&quot;:-32000,&quot;message&quot;:&quot;No target with given id&quot;}
  (Session info: chrome=73.0.3683.103)
  (Driver info: chromedriver=2.43.600210 (68dcf5eebde37173d4027fa8635e332711d2874a),platform=Windows NT 10.0.15063 x86_64) (WARNING: The server did not provide any stacktrace information)
Command duration or timeout: 0 milliseconds
Build info: version: &apos;3.141.59&apos;, revision: &apos;e82be7d358&apos;, time: &apos;2018-11-14T08:17:03&apos;
System info: host: &apos;DESKTOP-CBUUJ82&apos;, ip: &apos;192.168.1.47&apos;, os.name: &apos;Windows 10&apos;, os.arch: &apos;amd64&apos;, os.version: &apos;10.0&apos;, java.version: &apos;1.8.0_121&apos;
Driver info: org.openqa.selenium.chrome.ChromeDriver
Capabilities {acceptInsecureCerts: false, acceptSslCerts: false, applicationCacheEnabled: false, browserConnectionEnabled: false, browserName: chrome, chrome: {chromedriverVersion: 2.43.600210 (68dcf5eebde371..., userDataDir: C:\Users\user\AppData\Local...}, cssSelectorsEnabled: true, databaseEnabled: false, goog:chromeOptions: {debuggerAddress: localhost:51968}, handlesAlerts: true, hasTouchScreen: false, javascriptEnabled: true, locationContextEnabled: true, mobileEmulationEnabled: false, nativeEvents: true, networkConnectionEnabled: false, pageLoadStrategy: normal, platform: XP, platformName: XP, rotatable: false, setWindowRect: true, takesHeapSnapshot: true, takesScreenshot: true, unexpectedAlertBehaviour: , unhandledPromptBehavior: , version: 73.0.3683.103, webStorageEnabled: true}
Session ID: 81adf19953cb3fd824822db7c3c22ac2"
              >
<![CDATA[org.openqa.selenium.WebDriverException: unknown error: unhandled inspector error: {"code":-32000,"message":"No target with given id"}
  (Session info: chrome=73.0.3683.103)
  (Driver info: chromedriver=2.43.600210 (68dcf5eebde37173d4027fa8635e332711d2874a),platform=Windows NT 10.0.15063 x86_64) (WARNING: The server did not provide any stacktrace information)
Command duration or timeout: 0 milliseconds
Build info: version: '3.141.59', revision: 'e82be7d358', time: '2018-11-14T08:17:03'
System info: host: 'DESKTOP-CBUUJ82', ip: '192.168.1.47', os.name: 'Windows 10', os.arch: 'amd64', os.version: '10.0', java.version: '1.8.0_121'
Driver info: org.openqa.selenium.chrome.ChromeDriver
Capabilities {acceptInsecureCerts: false, acceptSslCerts: false, applicationCacheEnabled: false, browserConnectionEnabled: false, browserName: chrome, chrome: {chromedriverVersion: 2.43.600210 (68dcf5eebde371..., userDataDir: C:\Users\user\AppData\Local...}, cssSelectorsEnabled: true, databaseEnabled: false, goog:chromeOptions: {debuggerAddress: localhost:51968}, handlesAlerts: true, hasTouchScreen: false, javascriptEnabled: true, locationContextEnabled: true, mobileEmulationEnabled: false, nativeEvents: true, networkConnectionEnabled: false, pageLoadStrategy: normal, platform: XP, platformName: XP, rotatable: false, setWindowRect: true, takesHeapSnapshot: true, takesScreenshot: true, unexpectedAlertBehaviour: , unhandledPromptBehavior: , version: 73.0.3683.103, webStorageEnabled: true}
Session ID: 81adf19953cb3fd824822db7c3c22ac2
  sun.reflect.NativeConstructorAccessorImpl.newInstance0(Native Method)
  sun.reflect.NativeConstructorAccessorImpl.newInstance(Unknown Source)
  sun.reflect.DelegatingConstructorAccessorImpl.newInstance(Unknown Source)
  java.lang.reflect.Constructor.newInstance(Unknown Source)
  org.openqa.selenium.remote.ErrorHandler.createThrowable(ErrorHandler.java:214)
  org.openqa.selenium.remote.ErrorHandler.throwIfResponseFailed(ErrorHandler.java:166)
  org.openqa.selenium.remote.http.JsonHttpResponseCodec.reconstructValue(JsonHttpResponseCodec.java:40)
  org.openqa.selenium.remote.http.AbstractHttpResponseCodec.decode(AbstractHttpResponseCodec.java:80)
  org.openqa.selenium.remote.http.AbstractHttpResponseCodec.decode(AbstractHttpResponseCodec.java:44)
  org.openqa.selenium.remote.HttpCommandExecutor.execute(HttpCommandExecutor.java:158)
  org.openqa.selenium.remote.service.DriverCommandExecutor.execute(DriverCommandExecutor.java:83)
  org.openqa.selenium.remote.RemoteWebDriver.execute(RemoteWebDriver.java:552)
  org.openqa.selenium.remote.RemoteWebDriver.execute(RemoteWebDriver.java:609)
  org.openqa.selenium.remote.RemoteWebDriver$RemoteWebDriverOptions$RemoteWindow.maximize(RemoteWebDriver.java:837)
  com.knovva.Testbase.TestBase_Knovva.initialization(TestBase_Knovva.java:136)
  com.knovva.TestCases.CreateAccount.BrowserStart(CreateAccount.java:17)
  sun.reflect.NativeMethodAccessorImpl.invoke0(Native Method)
  sun.reflect.NativeMethodAccessorImpl.invoke(Unknown Source)
  sun.reflect.DelegatingMethodAccessorImpl.invoke(Unknown Source)
  java.lang.reflect.Method.invoke(Unknown Source)
  org.testng.internal.MethodInvocationHelper.invokeMethod(MethodInvocationHelper.java:124)
  org.testng.internal.MethodInvocationHelper.invokeMethodConsideringTimeout(MethodInvocationHelper.java:59)
  org.testng.internal.Invoker.invokeConfigurationMethod(Invoker.java:458)
  org.testng.internal.Invoker.invokeConfigurations(Invoker.java:222)
  org.testng.internal.Invoker.invokeConfigurations(Invoker.java:142)
  org.testng.internal.TestMethodWorker.invokeBeforeClassMethods(TestMethodWorker.java:168)
  org.testng.internal.TestMethodWorker.run(TestMethodWorker.java:105)
  org.testng.TestRunner.privateRun(TestRunner.java:648)
  org.testng.TestRunner.run(TestRunner.java:505)
  org.testng.SuiteRunner.runTest(SuiteRunner.java:455)
  org.testng.SuiteRunner.runSequentially(SuiteRunner.java:450)
  org.testng.SuiteRunner.privateRun(SuiteRunner.java:415)
  org.testng.SuiteRunner.run(SuiteRunner.java:364)
  org.testng.SuiteRunnerWorker.runSuite(SuiteRunnerWorker.java:52)
  org.testng.SuiteRunnerWorker.run(SuiteRunnerWorker.java:84)
  org.testng.TestNG.runSuitesSequentially(TestNG.java:1208)
  org.testng.TestNG.runSuitesLocally(TestNG.java:1137)
  org.testng.TestNG.runSuites(TestNG.java:1049)
  org.testng.TestNG.run(TestNG.java:1017)
  org.testng.remote.AbstractRemoteTestNG.run(AbstractRemoteTestNG.java:114)
  org.testng.remote.RemoteTestNG.initAndRun(RemoteTestNG.java:251)
  org.testng.remote.RemoteTestNG.main(RemoteTestNG.java:77)
]]>
      </failure>

          </testcase>
  
            <testcase name="tearDown" time="0.0" classname="com.knovva.TestCases.CreateAccount">
          <skipped />
    </testcase>
            <testcase name="BrowserExit" time="0.0" classname="com.knovva.TestCases.CreateAccount">
          <skipped />
    </testcase>
            <testcase name="TC_R015" time="0.0" classname="com.knovva.TestCases.CreateAccount">
          <skipped />
    </testcase>
            <testcase name="TC_R012" time="0.0" classname="com.knovva.TestCases.CreateAccount">
          <skipped />
    </testcase>
            <testcase name="TC_R009" time="0.0" classname="com.knovva.TestCases.CreateAccount">
          <skipped />
    </testcase>
            <testcase name="TC_R021" time="0.0" classname="com.knovva.TestCases.CreateAccount">
          <skipped />
    </testcase>
            <testcase name="TC_R023" time="0.0" classname="com.knovva.TestCases.CreateAccount">
          <skipped />
    </testcase>
            <testcase name="TC_R017" time="0.0" classname="com.knovva.TestCases.CreateAccount">
          <skipped />
    </testcase>
            <testcase name="TC_R010" time="0.0" classname="com.knovva.TestCases.CreateAccount">
          <skipped />
    </testcase>
            <testcase name="TC_R003" time="0.0" classname="com.knovva.TestCases.CreateAccount">
          <skipped />
    </testcase>
            <testcase name="TC_R008" time="0.0" classname="com.knovva.TestCases.CreateAccount">
          <skipped />
    </testcase>
            <testcase name="TC_R007" time="0.0" classname="com.knovva.TestCases.CreateAccount">
          <skipped />
    </testcase>
            <testcase name="TC_R020" time="0.0" classname="com.knovva.TestCases.CreateAccount">
          <skipped />
    </testcase>
            <testcase name="TC_R018" time="0.0" classname="com.knovva.TestCases.CreateAccount">
          <skipped />
    </testcase>
            <testcase name="TC_R004" time="0.0" classname="com.knovva.TestCases.CreateAccount">
          <skipped />
    </testcase>
            <testcase name="TC_R022" time="0.0" classname="com.knovva.TestCases.CreateAccount">
          <skipped />
    </testcase>
            <testcase name="TC_R002" time="0.0" classname="com.knovva.TestCases.CreateAccount">
          <skipped />
    </testcase>
            <testcase name="TC_R006" time="0.0" classname="com.knovva.TestCases.CreateAccount">
          <skipped />
    </testcase>
            <testcase name="TC_R005" time="0.0" classname="com.knovva.TestCases.CreateAccount">
          <skipped />
    </testcase>
            <testcase name="TC_R013" time="0.0" classname="com.knovva.TestCases.CreateAccount">
          <skipped />
    </testcase>
            <testcase name="TC_R019" time="0.0" classname="com.knovva.TestCases.CreateAccount">
          <skipped />
    </testcase>
            <testcase name="TC_R014" time="0.0" classname="com.knovva.TestCases.CreateAccount">
          <skipped />
    </testcase>
            <testcase name="TC_R011" time="0.0" classname="com.knovva.TestCases.CreateAccount">
          <skipped />
    </testcase>
  
  
</testsuite>
