<?xml version="1.0" encoding="UTF-8"?>
<testsuite name="StudentClubs"
           tests="47"
           failures="1"
           errors="0"
           skipped="46"
           time="0.005">
  <properties />
            <testcase name="BrowserStart" time="0.005" classname="com.knovva.TestCases.StudentClubs">
                <failure type="org.openqa.selenium.WebDriverException"
                  message="unknown error: unhandled inspector error: {&quot;code&quot;:-32000,&quot;message&quot;:&quot;No target with given id&quot;}
  (Session info: chrome=73.0.3683.103)
  (Driver info: chromedriver=2.43.600210 (68dcf5eebde37173d4027fa8635e332711d2874a),platform=Windows NT 10.0.15063 x86_64) (WARNING: The server did not provide any stacktrace information)
Command duration or timeout: 0 milliseconds
Build info: version: &apos;3.141.59&apos;, revision: &apos;e82be7d358&apos;, time: &apos;2018-11-14T08:17:03&apos;
System info: host: &apos;DESKTOP-CBUUJ82&apos;, ip: &apos;192.168.1.47&apos;, os.name: &apos;Windows 10&apos;, os.arch: &apos;amd64&apos;, os.version: &apos;10.0&apos;, java.version: &apos;1.8.0_121&apos;
Driver info: org.openqa.selenium.chrome.ChromeDriver
Capabilities {acceptInsecureCerts: false, acceptSslCerts: false, applicationCacheEnabled: false, browserConnectionEnabled: false, browserName: chrome, chrome: {chromedriverVersion: 2.43.600210 (68dcf5eebde371..., userDataDir: C:\Users\user\AppData\Local...}, cssSelectorsEnabled: true, databaseEnabled: false, goog:chromeOptions: {debuggerAddress: localhost:51116}, handlesAlerts: true, hasTouchScreen: false, javascriptEnabled: true, locationContextEnabled: true, mobileEmulationEnabled: false, nativeEvents: true, networkConnectionEnabled: false, pageLoadStrategy: normal, platform: XP, platformName: XP, rotatable: false, setWindowRect: true, takesHeapSnapshot: true, takesScreenshot: true, unexpectedAlertBehaviour: , unhandledPromptBehavior: , version: 73.0.3683.103, webStorageEnabled: true}
Session ID: 58cce66096dea344daa3594b653aeacf"
              >
<![CDATA[org.openqa.selenium.WebDriverException: unknown error: unhandled inspector error: {"code":-32000,"message":"No target with given id"}
  (Session info: chrome=73.0.3683.103)
  (Driver info: chromedriver=2.43.600210 (68dcf5eebde37173d4027fa8635e332711d2874a),platform=Windows NT 10.0.15063 x86_64) (WARNING: The server did not provide any stacktrace information)
Command duration or timeout: 0 milliseconds
Build info: version: '3.141.59', revision: 'e82be7d358', time: '2018-11-14T08:17:03'
System info: host: 'DESKTOP-CBUUJ82', ip: '192.168.1.47', os.name: 'Windows 10', os.arch: 'amd64', os.version: '10.0', java.version: '1.8.0_121'
Driver info: org.openqa.selenium.chrome.ChromeDriver
Capabilities {acceptInsecureCerts: false, acceptSslCerts: false, applicationCacheEnabled: false, browserConnectionEnabled: false, browserName: chrome, chrome: {chromedriverVersion: 2.43.600210 (68dcf5eebde371..., userDataDir: C:\Users\user\AppData\Local...}, cssSelectorsEnabled: true, databaseEnabled: false, goog:chromeOptions: {debuggerAddress: localhost:51116}, handlesAlerts: true, hasTouchScreen: false, javascriptEnabled: true, locationContextEnabled: true, mobileEmulationEnabled: false, nativeEvents: true, networkConnectionEnabled: false, pageLoadStrategy: normal, platform: XP, platformName: XP, rotatable: false, setWindowRect: true, takesHeapSnapshot: true, takesScreenshot: true, unexpectedAlertBehaviour: , unhandledPromptBehavior: , version: 73.0.3683.103, webStorageEnabled: true}
Session ID: 58cce66096dea344daa3594b653aeacf
  sun.reflect.NativeConstructorAccessorImpl.newInstance0(Native Method)
  sun.reflect.NativeConstructorAccessorImpl.newInstance(Unknown Source)
  sun.reflect.DelegatingConstructorAccessorImpl.newInstance(Unknown Source)
  java.lang.reflect.Constructor.newInstance(Unknown Source)
  org.openqa.selenium.remote.ErrorHandler.createThrowable(ErrorHandler.java:214)
  org.openqa.selenium.remote.ErrorHandler.throwIfResponseFailed(ErrorHandler.java:166)
  org.openqa.selenium.remote.http.JsonHttpResponseCodec.reconstructValue(JsonHttpResponseCodec.java:40)
  org.openqa.selenium.remote.http.AbstractHttpResponseCodec.decode(AbstractHttpResponseCodec.java:80)
  org.openqa.selenium.remote.http.AbstractHttpResponseCodec.decode(AbstractHttpResponseCodec.java:44)
  org.openqa.selenium.remote.HttpCommandExecutor.execute(HttpCommandExecutor.java:158)
  org.openqa.selenium.remote.service.DriverCommandExecutor.execute(DriverCommandExecutor.java:83)
  org.openqa.selenium.remote.RemoteWebDriver.execute(RemoteWebDriver.java:552)
  org.openqa.selenium.remote.RemoteWebDriver.execute(RemoteWebDriver.java:609)
  org.openqa.selenium.remote.RemoteWebDriver$RemoteWebDriverOptions$RemoteWindow.maximize(RemoteWebDriver.java:837)
  com.knovva.Testbase.TestBase_Knovva.initialization(TestBase_Knovva.java:136)
  com.knovva.Testbase.TestBase_Knovva.validLogin(TestBase_Knovva.java:147)
  com.knovva.TestCases.StudentClubs.BrowserStart(StudentClubs.java:18)
  sun.reflect.NativeMethodAccessorImpl.invoke0(Native Method)
  sun.reflect.NativeMethodAccessorImpl.invoke(Unknown Source)
  sun.reflect.DelegatingMethodAccessorImpl.invoke(Unknown Source)
  java.lang.reflect.Method.invoke(Unknown Source)
  org.testng.internal.MethodInvocationHelper.invokeMethod(MethodInvocationHelper.java:124)
  org.testng.internal.MethodInvocationHelper.invokeMethodConsideringTimeout(MethodInvocationHelper.java:59)
  org.testng.internal.Invoker.invokeConfigurationMethod(Invoker.java:458)
  org.testng.internal.Invoker.invokeConfigurations(Invoker.java:222)
  org.testng.internal.Invoker.invokeConfigurations(Invoker.java:142)
  org.testng.internal.TestMethodWorker.invokeBeforeClassMethods(TestMethodWorker.java:168)
  org.testng.internal.TestMethodWorker.run(TestMethodWorker.java:105)
  org.testng.TestRunner.privateRun(TestRunner.java:648)
  org.testng.TestRunner.run(TestRunner.java:505)
  org.testng.SuiteRunner.runTest(SuiteRunner.java:455)
  org.testng.SuiteRunner.access$000(SuiteRunner.java:40)
  org.testng.SuiteRunner$SuiteWorker.run(SuiteRunner.java:489)
  org.testng.internal.thread.ThreadUtil$1.call(ThreadUtil.java:52)
  java.util.concurrent.FutureTask.run(Unknown Source)
  java.util.concurrent.ThreadPoolExecutor.runWorker(Unknown Source)
  java.util.concurrent.ThreadPoolExecutor$Worker.run(Unknown Source)
  java.lang.Thread.run(Unknown Source)
]]>
      </failure>

          </testcase>
  
            <testcase name="BrowserExit" time="0.0" classname="com.knovva.TestCases.StudentClubs">
          <skipped />
    </testcase>
            <testcase name="TC_SC038" time="0.0" classname="com.knovva.TestCases.StudentClubs">
          <skipped />
    </testcase>
            <testcase name="TC_SC025" time="0.0" classname="com.knovva.TestCases.StudentClubs">
          <skipped />
    </testcase>
            <testcase name="TC_SC029" time="0.0" classname="com.knovva.TestCases.StudentClubs">
          <skipped />
    </testcase>
            <testcase name="TC_SC024" time="0.0" classname="com.knovva.TestCases.StudentClubs">
          <skipped />
    </testcase>
            <testcase name="TC_SC005" time="0.0" classname="com.knovva.TestCases.StudentClubs">
          <skipped />
    </testcase>
            <testcase name="TC_SC027" time="0.0" classname="com.knovva.TestCases.StudentClubs">
          <skipped />
    </testcase>
            <testcase name="TC_SC036" time="0.0" classname="com.knovva.TestCases.StudentClubs">
          <skipped />
    </testcase>
            <testcase name="TC_SC051" time="0.0" classname="com.knovva.TestCases.StudentClubs">
          <skipped />
    </testcase>
            <testcase name="TC_SC039" time="0.0" classname="com.knovva.TestCases.StudentClubs">
          <skipped />
    </testcase>
            <testcase name="TC_SC048" time="0.0" classname="com.knovva.TestCases.StudentClubs">
          <skipped />
    </testcase>
            <testcase name="TC_SC065" time="0.0" classname="com.knovva.TestCases.StudentClubs">
          <skipped />
    </testcase>
            <testcase name="TC_SC026" time="0.0" classname="com.knovva.TestCases.StudentClubs">
          <skipped />
    </testcase>
            <testcase name="TC_SC001" time="0.0" classname="com.knovva.TestCases.StudentClubs">
          <skipped />
    </testcase>
            <testcase name="TC_SC031" time="0.0" classname="com.knovva.TestCases.StudentClubs">
          <skipped />
    </testcase>
            <testcase name="TC_SC035" time="0.0" classname="com.knovva.TestCases.StudentClubs">
          <skipped />
    </testcase>
            <testcase name="TC_SC023" time="0.0" classname="com.knovva.TestCases.StudentClubs">
          <skipped />
    </testcase>
            <testcase name="TC_SC033" time="0.0" classname="com.knovva.TestCases.StudentClubs">
          <skipped />
    </testcase>
            <testcase name="TC_SC042" time="0.0" classname="com.knovva.TestCases.StudentClubs">
          <skipped />
    </testcase>
            <testcase name="TC_SC053" time="0.0" classname="com.knovva.TestCases.StudentClubs">
          <skipped />
    </testcase>
            <testcase name="TC_SC032" time="0.0" classname="com.knovva.TestCases.StudentClubs">
          <skipped />
    </testcase>
            <testcase name="TC_SC056" time="0.0" classname="com.knovva.TestCases.StudentClubs">
          <skipped />
    </testcase>
            <testcase name="TC_SC058" time="0.0" classname="com.knovva.TestCases.StudentClubs">
          <skipped />
    </testcase>
            <testcase name="TC_SC067" time="0.0" classname="com.knovva.TestCases.StudentClubs">
          <skipped />
    </testcase>
            <testcase name="TC_SC062" time="0.0" classname="com.knovva.TestCases.StudentClubs">
          <skipped />
    </testcase>
            <testcase name="TC_SC043" time="0.0" classname="com.knovva.TestCases.StudentClubs">
          <skipped />
    </testcase>
            <testcase name="TC_SC021" time="0.0" classname="com.knovva.TestCases.StudentClubs">
          <skipped />
    </testcase>
            <testcase name="TC_SC028" time="0.0" classname="com.knovva.TestCases.StudentClubs">
          <skipped />
    </testcase>
            <testcase name="TC_SC030" time="0.0" classname="com.knovva.TestCases.StudentClubs">
          <skipped />
    </testcase>
            <testcase name="TC_SC049" time="0.0" classname="com.knovva.TestCases.StudentClubs">
          <skipped />
    </testcase>
            <testcase name="TC_SC045" time="0.0" classname="com.knovva.TestCases.StudentClubs">
          <skipped />
    </testcase>
            <testcase name="TC_SC003" time="0.0" classname="com.knovva.TestCases.StudentClubs">
          <skipped />
    </testcase>
            <testcase name="TC_SC037" time="0.0" classname="com.knovva.TestCases.StudentClubs">
          <skipped />
    </testcase>
            <testcase name="TC_SC047" time="0.0" classname="com.knovva.TestCases.StudentClubs">
          <skipped />
    </testcase>
            <testcase name="TC_SC054" time="0.0" classname="com.knovva.TestCases.StudentClubs">
          <skipped />
    </testcase>
            <testcase name="TC_SC063" time="0.0" classname="com.knovva.TestCases.StudentClubs">
          <skipped />
    </testcase>
            <testcase name="TC_SC040" time="0.0" classname="com.knovva.TestCases.StudentClubs">
          <skipped />
    </testcase>
            <testcase name="TC_SC041" time="0.0" classname="com.knovva.TestCases.StudentClubs">
          <skipped />
    </testcase>
            <testcase name="TC_SC004" time="0.0" classname="com.knovva.TestCases.StudentClubs">
          <skipped />
    </testcase>
            <testcase name="TC_SC052" time="0.0" classname="com.knovva.TestCases.StudentClubs">
          <skipped />
    </testcase>
            <testcase name="TC_SC066" time="0.0" classname="com.knovva.TestCases.StudentClubs">
          <skipped />
    </testcase>
            <testcase name="TC_SC055" time="0.0" classname="com.knovva.TestCases.StudentClubs">
          <skipped />
    </testcase>
            <testcase name="TC_SC060" time="0.0" classname="com.knovva.TestCases.StudentClubs">
          <skipped />
    </testcase>
            <testcase name="TC_SC059" time="0.0" classname="com.knovva.TestCases.StudentClubs">
          <skipped />
    </testcase>
            <testcase name="TC_SC061" time="0.0" classname="com.knovva.TestCases.StudentClubs">
          <skipped />
    </testcase>
            <testcase name="TC_SC044" time="0.0" classname="com.knovva.TestCases.StudentClubs">
          <skipped />
    </testcase>
  
  
</testsuite>
